Terminals unused in grammar

    "<<="
    ">>="
    "&="
    "^="
    "|="


Grammar

    0 $accept: P $end

    1 P: %empty
    2  | P Type Identifier '=' E ';'
    3  | P fn_dec
    4  | P fn_def

    5 SS: %empty
    6   | SS S

    7 E_null: %empty
    8       | E

    9 S: ';'
   10  | E ';'
   11  | '{' SS '}'
   12  | IF '(' E ')' S ELSE S
   13  | IF '(' E ')' S
   14  | WHILE '(' E ')' S
   15  | WHILE '(' ')' S
   16  | DO S WHILE '(' E ')' ';'
   17  | Identifier ':'
   18  | GOTO Identifier ';'
   19  | RETURN ';'
   20  | RETURN E ';'
   21  | CONTINUE ';'
   22  | BREAK ';'
   23  | FOR '(' E_null ';' E_null ';' E_null ')' S

   24 E: '!' E
   25  | '~' E
   26  | '-' E
   27  | '+' E
   28  | "++" Identifier
   29  | "--" Identifier
   30  | E '*' E
   31  | E '/' E
   32  | E '%' E
   33  | E '+' E
   34  | E '-' E
   35  | E "<<" E
   36  | E ">>" E
   37  | E '<' E
   38  | E "<=" E
   39  | E '>' E
   40  | E ">=" E
   41  | E "==" E
   42  | E "!=" E
   43  | E '&' E
   44  | E '^' E
   45  | E '|' E
   46  | E "&&" E
   47  | E "||" E
   48  | E '?' E ':' E
   49  | E '=' E
   50  | E "+=" E
   51  | E "-=" E
   52  | E "*=" E
   53  | E "/=" E
   54  | E "%=" E
   55  | '(' E ')'
   56  | Int_Constant
   57  | Identifier
   58  | Identifier '(' ')'
   59  | Identifier '(' Elist ')'

   60 Elist: E
   61      | Elist ',' E

   62 deflist: Type Identifier '=' E
   63        | deflist ',' Type Identifier '=' E

   64 def: Type Identifier '=' E
   65    | def ',' Identifier '=' E

   66 fn_dec: Type Identifier '(' ')' ';'
   67       | Type Identifier '(' deflist ')' ';'

   68 fn_def: Type Identifier '(' ')' '{' SS '}'
   69       | Type Identifier '(' deflist ')' '{' SS '}'
   70       | Type Identifier '(' ')' '{' def ';' SS '}'
   71       | Type Identifier '(' deflist ')' '{' def ';' SS '}'


Terminals, with rules where they appear

    $end (0) 0
    '!' (33) 24
    '%' (37) 32
    '&' (38) 43
    '(' (40) 12 13 14 15 16 23 55 58 59 66 67 68 69 70 71
    ')' (41) 12 13 14 15 16 23 55 58 59 66 67 68 69 70 71
    '*' (42) 30
    '+' (43) 27 33
    ',' (44) 61 63 65
    '-' (45) 26 34
    '/' (47) 31
    ':' (58) 17 48
    ';' (59) 2 9 10 16 18 19 20 21 22 23 66 67 70 71
    '<' (60) 37
    '=' (61) 2 49 62 63 64 65
    '>' (62) 39
    '?' (63) 48
    '^' (94) 44
    '{' (123) 11 68 69 70 71
    '|' (124) 45
    '}' (125) 11 68 69 70 71
    '~' (126) 25
    error (256)
    Int_Constant (258) 56
    Identifier (259) 2 17 18 28 29 57 58 59 62 63 64 65 66 67 68 69 70 71
    Type (260) 2 62 63 64 66 67 68 69 70 71
    IF (261) 12 13
    ELSE (262) 12
    WHILE (263) 14 15 16
    DO (264) 16
    RETURN (265) 19 20
    GOTO (266) 18
    CONTINUE (267) 21
    BREAK (268) 22
    FOR (269) 23
    "++" (270) 28
    "--" (271) 29
    "+=" (272) 50
    "-=" (273) 51
    "*=" (274) 52
    "/=" (275) 53
    "%=" (276) 54
    "<<=" (277)
    ">>=" (278)
    "&=" (279)
    "^=" (280)
    "|=" (281)
    "&&" (282) 46
    "||" (283) 47
    "<<" (284) 35
    ">>" (285) 36
    "==" (286) 41
    "!=" (287) 42
    "<=" (288) 38
    ">=" (289) 40
    THEN (290)
    U_OPT3 (291)
    U_pos (292)
    U_neg (293)
    U_LADD (294)
    U_LSUB (295)


Nonterminals, with rules where they appear

    $accept (62)
        on left: 0
    P (63)
        on left: 1 2 3 4
        on right: 0 2 3 4
    SS (64)
        on left: 5 6
        on right: 6 11 68 69 70 71
    E_null (65)
        on left: 7 8
        on right: 23
    S (66)
        on left: 9 10 11 12 13 14 15 16 17 18 19 20 21 22 23
        on right: 6 12 13 14 15 16 23
    E (67)
        on left: 24 25 26 27 28 29 30 31 32 33 34 35 36 37 38 39 40 41 42 43 44 45 46 47 48 49 50 51 52 53 54 55 56 57 58 59
        on right: 2 8 10 12 13 14 16 20 24 25 26 27 30 31 32 33 34 35 36 37 38 39 40 41 42 43 44 45 46 47 48 49 50 51 52 53 54 55 60 61 62 63 64 65
    Elist (68)
        on left: 60 61
        on right: 59 61
    deflist (69)
        on left: 62 63
        on right: 63 67 69 71
    def (70)
        on left: 64 65
        on right: 65 70 71
    fn_dec (71)
        on left: 66 67
        on right: 3
    fn_def (72)
        on left: 68 69 70 71
        on right: 4


State 0

    0 $accept: . P $end

    $default  reduce using rule 1 (P)

    P  go to state 1


State 1

    0 $accept: P . $end
    2 P: P . Type Identifier '=' E ';'
    3  | P . fn_dec
    4  | P . fn_def

    $end  shift, and go to state 2
    Type  shift, and go to state 3

    fn_dec  go to state 4
    fn_def  go to state 5


State 2

    0 $accept: P $end .

    $default  accept


State 3

    2 P: P Type . Identifier '=' E ';'
   66 fn_dec: Type . Identifier '(' ')' ';'
   67       | Type . Identifier '(' deflist ')' ';'
   68 fn_def: Type . Identifier '(' ')' '{' SS '}'
   69       | Type . Identifier '(' deflist ')' '{' SS '}'
   70       | Type . Identifier '(' ')' '{' def ';' SS '}'
   71       | Type . Identifier '(' deflist ')' '{' def ';' SS '}'

    Identifier  shift, and go to state 6


State 4

    3 P: P fn_dec .

    $default  reduce using rule 3 (P)


State 5

    4 P: P fn_def .

    $default  reduce using rule 4 (P)


State 6

    2 P: P Type Identifier . '=' E ';'
   66 fn_dec: Type Identifier . '(' ')' ';'
   67       | Type Identifier . '(' deflist ')' ';'
   68 fn_def: Type Identifier . '(' ')' '{' SS '}'
   69       | Type Identifier . '(' deflist ')' '{' SS '}'
   70       | Type Identifier . '(' ')' '{' def ';' SS '}'
   71       | Type Identifier . '(' deflist ')' '{' def ';' SS '}'

    '='  shift, and go to state 7
    '('  shift, and go to state 8


State 7

    2 P: P Type Identifier '=' . E ';'

    Int_Constant  shift, and go to state 9
    Identifier    shift, and go to state 10
    "++"          shift, and go to state 11
    "--"          shift, and go to state 12
    '+'           shift, and go to state 13
    '-'           shift, and go to state 14
    '!'           shift, and go to state 15
    '~'           shift, and go to state 16
    '('           shift, and go to state 17

    E  go to state 18


State 8

   66 fn_dec: Type Identifier '(' . ')' ';'
   67       | Type Identifier '(' . deflist ')' ';'
   68 fn_def: Type Identifier '(' . ')' '{' SS '}'
   69       | Type Identifier '(' . deflist ')' '{' SS '}'
   70       | Type Identifier '(' . ')' '{' def ';' SS '}'
   71       | Type Identifier '(' . deflist ')' '{' def ';' SS '}'

    Type  shift, and go to state 19
    ')'   shift, and go to state 20

    deflist  go to state 21


State 9

   56 E: Int_Constant .

    $default  reduce using rule 56 (E)


State 10

   57 E: Identifier .
   58  | Identifier . '(' ')'
   59  | Identifier . '(' Elist ')'

    '('  shift, and go to state 22

    $default  reduce using rule 57 (E)


State 11

   28 E: "++" . Identifier

    Identifier  shift, and go to state 23


State 12

   29 E: "--" . Identifier

    Identifier  shift, and go to state 24


State 13

   27 E: '+' . E

    Int_Constant  shift, and go to state 9
    Identifier    shift, and go to state 10
    "++"          shift, and go to state 11
    "--"          shift, and go to state 12
    '+'           shift, and go to state 13
    '-'           shift, and go to state 14
    '!'           shift, and go to state 15
    '~'           shift, and go to state 16
    '('           shift, and go to state 17

    E  go to state 25


State 14

   26 E: '-' . E

    Int_Constant  shift, and go to state 9
    Identifier    shift, and go to state 10
    "++"          shift, and go to state 11
    "--"          shift, and go to state 12
    '+'           shift, and go to state 13
    '-'           shift, and go to state 14
    '!'           shift, and go to state 15
    '~'           shift, and go to state 16
    '('           shift, and go to state 17

    E  go to state 26


State 15

   24 E: '!' . E

    Int_Constant  shift, and go to state 9
    Identifier    shift, and go to state 10
    "++"          shift, and go to state 11
    "--"          shift, and go to state 12
    '+'           shift, and go to state 13
    '-'           shift, and go to state 14
    '!'           shift, and go to state 15
    '~'           shift, and go to state 16
    '('           shift, and go to state 17

    E  go to state 27


State 16

   25 E: '~' . E

    Int_Constant  shift, and go to state 9
    Identifier    shift, and go to state 10
    "++"          shift, and go to state 11
    "--"          shift, and go to state 12
    '+'           shift, and go to state 13
    '-'           shift, and go to state 14
    '!'           shift, and go to state 15
    '~'           shift, and go to state 16
    '('           shift, and go to state 17

    E  go to state 28


State 17

   55 E: '(' . E ')'

    Int_Constant  shift, and go to state 9
    Identifier    shift, and go to state 10
    "++"          shift, and go to state 11
    "--"          shift, and go to state 12
    '+'           shift, and go to state 13
    '-'           shift, and go to state 14
    '!'           shift, and go to state 15
    '~'           shift, and go to state 16
    '('           shift, and go to state 17

    E  go to state 29


State 18

    2 P: P Type Identifier '=' E . ';'
   30 E: E . '*' E
   31  | E . '/' E
   32  | E . '%' E
   33  | E . '+' E
   34  | E . '-' E
   35  | E . "<<" E
   36  | E . ">>" E
   37  | E . '<' E
   38  | E . "<=" E
   39  | E . '>' E
   40  | E . ">=" E
   41  | E . "==" E
   42  | E . "!=" E
   43  | E . '&' E
   44  | E . '^' E
   45  | E . '|' E
   46  | E . "&&" E
   47  | E . "||" E
   48  | E . '?' E ':' E
   49  | E . '=' E
   50  | E . "+=" E
   51  | E . "-=" E
   52  | E . "*=" E
   53  | E . "/=" E
   54  | E . "%=" E

    "+="  shift, and go to state 30
    "-="  shift, and go to state 31
    "*="  shift, and go to state 32
    "/="  shift, and go to state 33
    "%="  shift, and go to state 34
    "&&"  shift, and go to state 35
    "||"  shift, and go to state 36
    "<<"  shift, and go to state 37
    ">>"  shift, and go to state 38
    "=="  shift, and go to state 39
    "!="  shift, and go to state 40
    "<="  shift, and go to state 41
    ">="  shift, and go to state 42
    '='   shift, and go to state 43
    '?'   shift, and go to state 44
    '|'   shift, and go to state 45
    '^'   shift, and go to state 46
    '&'   shift, and go to state 47
    '<'   shift, and go to state 48
    '>'   shift, and go to state 49
    '+'   shift, and go to state 50
    '-'   shift, and go to state 51
    '*'   shift, and go to state 52
    '/'   shift, and go to state 53
    '%'   shift, and go to state 54
    ';'   shift, and go to state 55


State 19

   62 deflist: Type . Identifier '=' E

    Identifier  shift, and go to state 56


State 20

   66 fn_dec: Type Identifier '(' ')' . ';'
   68 fn_def: Type Identifier '(' ')' . '{' SS '}'
   70       | Type Identifier '(' ')' . '{' def ';' SS '}'

    ';'  shift, and go to state 57
    '{'  shift, and go to state 58


State 21

   63 deflist: deflist . ',' Type Identifier '=' E
   67 fn_dec: Type Identifier '(' deflist . ')' ';'
   69 fn_def: Type Identifier '(' deflist . ')' '{' SS '}'
   71       | Type Identifier '(' deflist . ')' '{' def ';' SS '}'

    ','  shift, and go to state 59
    ')'  shift, and go to state 60


State 22

   58 E: Identifier '(' . ')'
   59  | Identifier '(' . Elist ')'

    Int_Constant  shift, and go to state 9
    Identifier    shift, and go to state 10
    "++"          shift, and go to state 11
    "--"          shift, and go to state 12
    '+'           shift, and go to state 13
    '-'           shift, and go to state 14
    '!'           shift, and go to state 15
    '~'           shift, and go to state 16
    '('           shift, and go to state 17
    ')'           shift, and go to state 61

    E      go to state 62
    Elist  go to state 63


State 23

   28 E: "++" Identifier .

    $default  reduce using rule 28 (E)


State 24

   29 E: "--" Identifier .

    $default  reduce using rule 29 (E)


State 25

   27 E: '+' E .
   30  | E . '*' E
   31  | E . '/' E
   32  | E . '%' E
   33  | E . '+' E
   34  | E . '-' E
   35  | E . "<<" E
   36  | E . ">>" E
   37  | E . '<' E
   38  | E . "<=" E
   39  | E . '>' E
   40  | E . ">=" E
   41  | E . "==" E
   42  | E . "!=" E
   43  | E . '&' E
   44  | E . '^' E
   45  | E . '|' E
   46  | E . "&&" E
   47  | E . "||" E
   48  | E . '?' E ':' E
   49  | E . '=' E
   50  | E . "+=" E
   51  | E . "-=" E
   52  | E . "*=" E
   53  | E . "/=" E
   54  | E . "%=" E

    $default  reduce using rule 27 (E)


State 26

   26 E: '-' E .
   30  | E . '*' E
   31  | E . '/' E
   32  | E . '%' E
   33  | E . '+' E
   34  | E . '-' E
   35  | E . "<<" E
   36  | E . ">>" E
   37  | E . '<' E
   38  | E . "<=" E
   39  | E . '>' E
   40  | E . ">=" E
   41  | E . "==" E
   42  | E . "!=" E
   43  | E . '&' E
   44  | E . '^' E
   45  | E . '|' E
   46  | E . "&&" E
   47  | E . "||" E
   48  | E . '?' E ':' E
   49  | E . '=' E
   50  | E . "+=" E
   51  | E . "-=" E
   52  | E . "*=" E
   53  | E . "/=" E
   54  | E . "%=" E

    $default  reduce using rule 26 (E)


State 27

   24 E: '!' E .
   30  | E . '*' E
   31  | E . '/' E
   32  | E . '%' E
   33  | E . '+' E
   34  | E . '-' E
   35  | E . "<<" E
   36  | E . ">>" E
   37  | E . '<' E
   38  | E . "<=" E
   39  | E . '>' E
   40  | E . ">=" E
   41  | E . "==" E
   42  | E . "!=" E
   43  | E . '&' E
   44  | E . '^' E
   45  | E . '|' E
   46  | E . "&&" E
   47  | E . "||" E
   48  | E . '?' E ':' E
   49  | E . '=' E
   50  | E . "+=" E
   51  | E . "-=" E
   52  | E . "*=" E
   53  | E . "/=" E
   54  | E . "%=" E

    $default  reduce using rule 24 (E)


State 28

   25 E: '~' E .
   30  | E . '*' E
   31  | E . '/' E
   32  | E . '%' E
   33  | E . '+' E
   34  | E . '-' E
   35  | E . "<<" E
   36  | E . ">>" E
   37  | E . '<' E
   38  | E . "<=" E
   39  | E . '>' E
   40  | E . ">=" E
   41  | E . "==" E
   42  | E . "!=" E
   43  | E . '&' E
   44  | E . '^' E
   45  | E . '|' E
   46  | E . "&&" E
   47  | E . "||" E
   48  | E . '?' E ':' E
   49  | E . '=' E
   50  | E . "+=" E
   51  | E . "-=" E
   52  | E . "*=" E
   53  | E . "/=" E
   54  | E . "%=" E

    $default  reduce using rule 25 (E)


State 29

   30 E: E . '*' E
   31  | E . '/' E
   32  | E . '%' E
   33  | E . '+' E
   34  | E . '-' E
   35  | E . "<<" E
   36  | E . ">>" E
   37  | E . '<' E
   38  | E . "<=" E
   39  | E . '>' E
   40  | E . ">=" E
   41  | E . "==" E
   42  | E . "!=" E
   43  | E . '&' E
   44  | E . '^' E
   45  | E . '|' E
   46  | E . "&&" E
   47  | E . "||" E
   48  | E . '?' E ':' E
   49  | E . '=' E
   50  | E . "+=" E
   51  | E . "-=" E
   52  | E . "*=" E
   53  | E . "/=" E
   54  | E . "%=" E
   55  | '(' E . ')'

    "+="  shift, and go to state 30
    "-="  shift, and go to state 31
    "*="  shift, and go to state 32
    "/="  shift, and go to state 33
    "%="  shift, and go to state 34
    "&&"  shift, and go to state 35
    "||"  shift, and go to state 36
    "<<"  shift, and go to state 37
    ">>"  shift, and go to state 38
    "=="  shift, and go to state 39
    "!="  shift, and go to state 40
    "<="  shift, and go to state 41
    ">="  shift, and go to state 42
    '='   shift, and go to state 43
    '?'   shift, and go to state 44
    '|'   shift, and go to state 45
    '^'   shift, and go to state 46
    '&'   shift, and go to state 47
    '<'   shift, and go to state 48
    '>'   shift, and go to state 49
    '+'   shift, and go to state 50
    '-'   shift, and go to state 51
    '*'   shift, and go to state 52
    '/'   shift, and go to state 53
    '%'   shift, and go to state 54
    ')'   shift, and go to state 64


State 30

   50 E: E "+=" . E

    Int_Constant  shift, and go to state 9
    Identifier    shift, and go to state 10
    "++"          shift, and go to state 11
    "--"          shift, and go to state 12
    '+'           shift, and go to state 13
    '-'           shift, and go to state 14
    '!'           shift, and go to state 15
    '~'           shift, and go to state 16
    '('           shift, and go to state 17

    E  go to state 65


State 31

   51 E: E "-=" . E

    Int_Constant  shift, and go to state 9
    Identifier    shift, and go to state 10
    "++"          shift, and go to state 11
    "--"          shift, and go to state 12
    '+'           shift, and go to state 13
    '-'           shift, and go to state 14
    '!'           shift, and go to state 15
    '~'           shift, and go to state 16
    '('           shift, and go to state 17

    E  go to state 66


State 32

   52 E: E "*=" . E

    Int_Constant  shift, and go to state 9
    Identifier    shift, and go to state 10
    "++"          shift, and go to state 11
    "--"          shift, and go to state 12
    '+'           shift, and go to state 13
    '-'           shift, and go to state 14
    '!'           shift, and go to state 15
    '~'           shift, and go to state 16
    '('           shift, and go to state 17

    E  go to state 67


State 33

   53 E: E "/=" . E

    Int_Constant  shift, and go to state 9
    Identifier    shift, and go to state 10
    "++"          shift, and go to state 11
    "--"          shift, and go to state 12
    '+'           shift, and go to state 13
    '-'           shift, and go to state 14
    '!'           shift, and go to state 15
    '~'           shift, and go to state 16
    '('           shift, and go to state 17

    E  go to state 68


State 34

   54 E: E "%=" . E

    Int_Constant  shift, and go to state 9
    Identifier    shift, and go to state 10
    "++"          shift, and go to state 11
    "--"          shift, and go to state 12
    '+'           shift, and go to state 13
    '-'           shift, and go to state 14
    '!'           shift, and go to state 15
    '~'           shift, and go to state 16
    '('           shift, and go to state 17

    E  go to state 69


State 35

   46 E: E "&&" . E

    Int_Constant  shift, and go to state 9
    Identifier    shift, and go to state 10
    "++"          shift, and go to state 11
    "--"          shift, and go to state 12
    '+'           shift, and go to state 13
    '-'           shift, and go to state 14
    '!'           shift, and go to state 15
    '~'           shift, and go to state 16
    '('           shift, and go to state 17

    E  go to state 70


State 36

   47 E: E "||" . E

    Int_Constant  shift, and go to state 9
    Identifier    shift, and go to state 10
    "++"          shift, and go to state 11
    "--"          shift, and go to state 12
    '+'           shift, and go to state 13
    '-'           shift, and go to state 14
    '!'           shift, and go to state 15
    '~'           shift, and go to state 16
    '('           shift, and go to state 17

    E  go to state 71


State 37

   35 E: E "<<" . E

    Int_Constant  shift, and go to state 9
    Identifier    shift, and go to state 10
    "++"          shift, and go to state 11
    "--"          shift, and go to state 12
    '+'           shift, and go to state 13
    '-'           shift, and go to state 14
    '!'           shift, and go to state 15
    '~'           shift, and go to state 16
    '('           shift, and go to state 17

    E  go to state 72


State 38

   36 E: E ">>" . E

    Int_Constant  shift, and go to state 9
    Identifier    shift, and go to state 10
    "++"          shift, and go to state 11
    "--"          shift, and go to state 12
    '+'           shift, and go to state 13
    '-'           shift, and go to state 14
    '!'           shift, and go to state 15
    '~'           shift, and go to state 16
    '('           shift, and go to state 17

    E  go to state 73


State 39

   41 E: E "==" . E

    Int_Constant  shift, and go to state 9
    Identifier    shift, and go to state 10
    "++"          shift, and go to state 11
    "--"          shift, and go to state 12
    '+'           shift, and go to state 13
    '-'           shift, and go to state 14
    '!'           shift, and go to state 15
    '~'           shift, and go to state 16
    '('           shift, and go to state 17

    E  go to state 74


State 40

   42 E: E "!=" . E

    Int_Constant  shift, and go to state 9
    Identifier    shift, and go to state 10
    "++"          shift, and go to state 11
    "--"          shift, and go to state 12
    '+'           shift, and go to state 13
    '-'           shift, and go to state 14
    '!'           shift, and go to state 15
    '~'           shift, and go to state 16
    '('           shift, and go to state 17

    E  go to state 75


State 41

   38 E: E "<=" . E

    Int_Constant  shift, and go to state 9
    Identifier    shift, and go to state 10
    "++"          shift, and go to state 11
    "--"          shift, and go to state 12
    '+'           shift, and go to state 13
    '-'           shift, and go to state 14
    '!'           shift, and go to state 15
    '~'           shift, and go to state 16
    '('           shift, and go to state 17

    E  go to state 76


State 42

   40 E: E ">=" . E

    Int_Constant  shift, and go to state 9
    Identifier    shift, and go to state 10
    "++"          shift, and go to state 11
    "--"          shift, and go to state 12
    '+'           shift, and go to state 13
    '-'           shift, and go to state 14
    '!'           shift, and go to state 15
    '~'           shift, and go to state 16
    '('           shift, and go to state 17

    E  go to state 77


State 43

   49 E: E '=' . E

    Int_Constant  shift, and go to state 9
    Identifier    shift, and go to state 10
    "++"          shift, and go to state 11
    "--"          shift, and go to state 12
    '+'           shift, and go to state 13
    '-'           shift, and go to state 14
    '!'           shift, and go to state 15
    '~'           shift, and go to state 16
    '('           shift, and go to state 17

    E  go to state 78


State 44

   48 E: E '?' . E ':' E

    Int_Constant  shift, and go to state 9
    Identifier    shift, and go to state 10
    "++"          shift, and go to state 11
    "--"          shift, and go to state 12
    '+'           shift, and go to state 13
    '-'           shift, and go to state 14
    '!'           shift, and go to state 15
    '~'           shift, and go to state 16
    '('           shift, and go to state 17

    E  go to state 79


State 45

   45 E: E '|' . E

    Int_Constant  shift, and go to state 9
    Identifier    shift, and go to state 10
    "++"          shift, and go to state 11
    "--"          shift, and go to state 12
    '+'           shift, and go to state 13
    '-'           shift, and go to state 14
    '!'           shift, and go to state 15
    '~'           shift, and go to state 16
    '('           shift, and go to state 17

    E  go to state 80


State 46

   44 E: E '^' . E

    Int_Constant  shift, and go to state 9
    Identifier    shift, and go to state 10
    "++"          shift, and go to state 11
    "--"          shift, and go to state 12
    '+'           shift, and go to state 13
    '-'           shift, and go to state 14
    '!'           shift, and go to state 15
    '~'           shift, and go to state 16
    '('           shift, and go to state 17

    E  go to state 81


State 47

   43 E: E '&' . E

    Int_Constant  shift, and go to state 9
    Identifier    shift, and go to state 10
    "++"          shift, and go to state 11
    "--"          shift, and go to state 12
    '+'           shift, and go to state 13
    '-'           shift, and go to state 14
    '!'           shift, and go to state 15
    '~'           shift, and go to state 16
    '('           shift, and go to state 17

    E  go to state 82


State 48

   37 E: E '<' . E

    Int_Constant  shift, and go to state 9
    Identifier    shift, and go to state 10
    "++"          shift, and go to state 11
    "--"          shift, and go to state 12
    '+'           shift, and go to state 13
    '-'           shift, and go to state 14
    '!'           shift, and go to state 15
    '~'           shift, and go to state 16
    '('           shift, and go to state 17

    E  go to state 83


State 49

   39 E: E '>' . E

    Int_Constant  shift, and go to state 9
    Identifier    shift, and go to state 10
    "++"          shift, and go to state 11
    "--"          shift, and go to state 12
    '+'           shift, and go to state 13
    '-'           shift, and go to state 14
    '!'           shift, and go to state 15
    '~'           shift, and go to state 16
    '('           shift, and go to state 17

    E  go to state 84


State 50

   33 E: E '+' . E

    Int_Constant  shift, and go to state 9
    Identifier    shift, and go to state 10
    "++"          shift, and go to state 11
    "--"          shift, and go to state 12
    '+'           shift, and go to state 13
    '-'           shift, and go to state 14
    '!'           shift, and go to state 15
    '~'           shift, and go to state 16
    '('           shift, and go to state 17

    E  go to state 85


State 51

   34 E: E '-' . E

    Int_Constant  shift, and go to state 9
    Identifier    shift, and go to state 10
    "++"          shift, and go to state 11
    "--"          shift, and go to state 12
    '+'           shift, and go to state 13
    '-'           shift, and go to state 14
    '!'           shift, and go to state 15
    '~'           shift, and go to state 16
    '('           shift, and go to state 17

    E  go to state 86


State 52

   30 E: E '*' . E

    Int_Constant  shift, and go to state 9
    Identifier    shift, and go to state 10
    "++"          shift, and go to state 11
    "--"          shift, and go to state 12
    '+'           shift, and go to state 13
    '-'           shift, and go to state 14
    '!'           shift, and go to state 15
    '~'           shift, and go to state 16
    '('           shift, and go to state 17

    E  go to state 87


State 53

   31 E: E '/' . E

    Int_Constant  shift, and go to state 9
    Identifier    shift, and go to state 10
    "++"          shift, and go to state 11
    "--"          shift, and go to state 12
    '+'           shift, and go to state 13
    '-'           shift, and go to state 14
    '!'           shift, and go to state 15
    '~'           shift, and go to state 16
    '('           shift, and go to state 17

    E  go to state 88


State 54

   32 E: E '%' . E

    Int_Constant  shift, and go to state 9
    Identifier    shift, and go to state 10
    "++"          shift, and go to state 11
    "--"          shift, and go to state 12
    '+'           shift, and go to state 13
    '-'           shift, and go to state 14
    '!'           shift, and go to state 15
    '~'           shift, and go to state 16
    '('           shift, and go to state 17

    E  go to state 89


State 55

    2 P: P Type Identifier '=' E ';' .

    $default  reduce using rule 2 (P)


State 56

   62 deflist: Type Identifier . '=' E

    '='  shift, and go to state 90


State 57

   66 fn_dec: Type Identifier '(' ')' ';' .

    $default  reduce using rule 66 (fn_dec)


State 58

   68 fn_def: Type Identifier '(' ')' '{' . SS '}'
   70       | Type Identifier '(' ')' '{' . def ';' SS '}'

    Type  shift, and go to state 91

    $default  reduce using rule 5 (SS)

    SS   go to state 92
    def  go to state 93


State 59

   63 deflist: deflist ',' . Type Identifier '=' E

    Type  shift, and go to state 94


State 60

   67 fn_dec: Type Identifier '(' deflist ')' . ';'
   69 fn_def: Type Identifier '(' deflist ')' . '{' SS '}'
   71       | Type Identifier '(' deflist ')' . '{' def ';' SS '}'

    ';'  shift, and go to state 95
    '{'  shift, and go to state 96


State 61

   58 E: Identifier '(' ')' .

    $default  reduce using rule 58 (E)


State 62

   30 E: E . '*' E
   31  | E . '/' E
   32  | E . '%' E
   33  | E . '+' E
   34  | E . '-' E
   35  | E . "<<" E
   36  | E . ">>" E
   37  | E . '<' E
   38  | E . "<=" E
   39  | E . '>' E
   40  | E . ">=" E
   41  | E . "==" E
   42  | E . "!=" E
   43  | E . '&' E
   44  | E . '^' E
   45  | E . '|' E
   46  | E . "&&" E
   47  | E . "||" E
   48  | E . '?' E ':' E
   49  | E . '=' E
   50  | E . "+=" E
   51  | E . "-=" E
   52  | E . "*=" E
   53  | E . "/=" E
   54  | E . "%=" E
   60 Elist: E .

    "+="  shift, and go to state 30
    "-="  shift, and go to state 31
    "*="  shift, and go to state 32
    "/="  shift, and go to state 33
    "%="  shift, and go to state 34
    "&&"  shift, and go to state 35
    "||"  shift, and go to state 36
    "<<"  shift, and go to state 37
    ">>"  shift, and go to state 38
    "=="  shift, and go to state 39
    "!="  shift, and go to state 40
    "<="  shift, and go to state 41
    ">="  shift, and go to state 42
    '='   shift, and go to state 43
    '?'   shift, and go to state 44
    '|'   shift, and go to state 45
    '^'   shift, and go to state 46
    '&'   shift, and go to state 47
    '<'   shift, and go to state 48
    '>'   shift, and go to state 49
    '+'   shift, and go to state 50
    '-'   shift, and go to state 51
    '*'   shift, and go to state 52
    '/'   shift, and go to state 53
    '%'   shift, and go to state 54

    $default  reduce using rule 60 (Elist)


State 63

   59 E: Identifier '(' Elist . ')'
   61 Elist: Elist . ',' E

    ','  shift, and go to state 97
    ')'  shift, and go to state 98


State 64

   55 E: '(' E ')' .

    $default  reduce using rule 55 (E)


State 65

   30 E: E . '*' E
   31  | E . '/' E
   32  | E . '%' E
   33  | E . '+' E
   34  | E . '-' E
   35  | E . "<<" E
   36  | E . ">>" E
   37  | E . '<' E
   38  | E . "<=" E
   39  | E . '>' E
   40  | E . ">=" E
   41  | E . "==" E
   42  | E . "!=" E
   43  | E . '&' E
   44  | E . '^' E
   45  | E . '|' E
   46  | E . "&&" E
   47  | E . "||" E
   48  | E . '?' E ':' E
   49  | E . '=' E
   50  | E . "+=" E
   50  | E "+=" E .
   51  | E . "-=" E
   52  | E . "*=" E
   53  | E . "/=" E
   54  | E . "%=" E

    "+="  shift, and go to state 30
    "-="  shift, and go to state 31
    "*="  shift, and go to state 32
    "/="  shift, and go to state 33
    "%="  shift, and go to state 34
    "&&"  shift, and go to state 35
    "||"  shift, and go to state 36
    "<<"  shift, and go to state 37
    ">>"  shift, and go to state 38
    "=="  shift, and go to state 39
    "!="  shift, and go to state 40
    "<="  shift, and go to state 41
    ">="  shift, and go to state 42
    '='   shift, and go to state 43
    '?'   shift, and go to state 44
    '|'   shift, and go to state 45
    '^'   shift, and go to state 46
    '&'   shift, and go to state 47
    '<'   shift, and go to state 48
    '>'   shift, and go to state 49
    '+'   shift, and go to state 50
    '-'   shift, and go to state 51
    '*'   shift, and go to state 52
    '/'   shift, and go to state 53
    '%'   shift, and go to state 54

    $default  reduce using rule 50 (E)


State 66

   30 E: E . '*' E
   31  | E . '/' E
   32  | E . '%' E
   33  | E . '+' E
   34  | E . '-' E
   35  | E . "<<" E
   36  | E . ">>" E
   37  | E . '<' E
   38  | E . "<=" E
   39  | E . '>' E
   40  | E . ">=" E
   41  | E . "==" E
   42  | E . "!=" E
   43  | E . '&' E
   44  | E . '^' E
   45  | E . '|' E
   46  | E . "&&" E
   47  | E . "||" E
   48  | E . '?' E ':' E
   49  | E . '=' E
   50  | E . "+=" E
   51  | E . "-=" E
   51  | E "-=" E .
   52  | E . "*=" E
   53  | E . "/=" E
   54  | E . "%=" E

    "+="  shift, and go to state 30
    "-="  shift, and go to state 31
    "*="  shift, and go to state 32
    "/="  shift, and go to state 33
    "%="  shift, and go to state 34
    "&&"  shift, and go to state 35
    "||"  shift, and go to state 36
    "<<"  shift, and go to state 37
    ">>"  shift, and go to state 38
    "=="  shift, and go to state 39
    "!="  shift, and go to state 40
    "<="  shift, and go to state 41
    ">="  shift, and go to state 42
    '='   shift, and go to state 43
    '?'   shift, and go to state 44
    '|'   shift, and go to state 45
    '^'   shift, and go to state 46
    '&'   shift, and go to state 47
    '<'   shift, and go to state 48
    '>'   shift, and go to state 49
    '+'   shift, and go to state 50
    '-'   shift, and go to state 51
    '*'   shift, and go to state 52
    '/'   shift, and go to state 53
    '%'   shift, and go to state 54

    $default  reduce using rule 51 (E)


State 67

   30 E: E . '*' E
   31  | E . '/' E
   32  | E . '%' E
   33  | E . '+' E
   34  | E . '-' E
   35  | E . "<<" E
   36  | E . ">>" E
   37  | E . '<' E
   38  | E . "<=" E
   39  | E . '>' E
   40  | E . ">=" E
   41  | E . "==" E
   42  | E . "!=" E
   43  | E . '&' E
   44  | E . '^' E
   45  | E . '|' E
   46  | E . "&&" E
   47  | E . "||" E
   48  | E . '?' E ':' E
   49  | E . '=' E
   50  | E . "+=" E
   51  | E . "-=" E
   52  | E . "*=" E
   52  | E "*=" E .
   53  | E . "/=" E
   54  | E . "%=" E

    "+="  shift, and go to state 30
    "-="  shift, and go to state 31
    "*="  shift, and go to state 32
    "/="  shift, and go to state 33
    "%="  shift, and go to state 34
    "&&"  shift, and go to state 35
    "||"  shift, and go to state 36
    "<<"  shift, and go to state 37
    ">>"  shift, and go to state 38
    "=="  shift, and go to state 39
    "!="  shift, and go to state 40
    "<="  shift, and go to state 41
    ">="  shift, and go to state 42
    '='   shift, and go to state 43
    '?'   shift, and go to state 44
    '|'   shift, and go to state 45
    '^'   shift, and go to state 46
    '&'   shift, and go to state 47
    '<'   shift, and go to state 48
    '>'   shift, and go to state 49
    '+'   shift, and go to state 50
    '-'   shift, and go to state 51
    '*'   shift, and go to state 52
    '/'   shift, and go to state 53
    '%'   shift, and go to state 54

    $default  reduce using rule 52 (E)


State 68

   30 E: E . '*' E
   31  | E . '/' E
   32  | E . '%' E
   33  | E . '+' E
   34  | E . '-' E
   35  | E . "<<" E
   36  | E . ">>" E
   37  | E . '<' E
   38  | E . "<=" E
   39  | E . '>' E
   40  | E . ">=" E
   41  | E . "==" E
   42  | E . "!=" E
   43  | E . '&' E
   44  | E . '^' E
   45  | E . '|' E
   46  | E . "&&" E
   47  | E . "||" E
   48  | E . '?' E ':' E
   49  | E . '=' E
   50  | E . "+=" E
   51  | E . "-=" E
   52  | E . "*=" E
   53  | E . "/=" E
   53  | E "/=" E .
   54  | E . "%=" E

    "+="  shift, and go to state 30
    "-="  shift, and go to state 31
    "*="  shift, and go to state 32
    "/="  shift, and go to state 33
    "%="  shift, and go to state 34
    "&&"  shift, and go to state 35
    "||"  shift, and go to state 36
    "<<"  shift, and go to state 37
    ">>"  shift, and go to state 38
    "=="  shift, and go to state 39
    "!="  shift, and go to state 40
    "<="  shift, and go to state 41
    ">="  shift, and go to state 42
    '='   shift, and go to state 43
    '?'   shift, and go to state 44
    '|'   shift, and go to state 45
    '^'   shift, and go to state 46
    '&'   shift, and go to state 47
    '<'   shift, and go to state 48
    '>'   shift, and go to state 49
    '+'   shift, and go to state 50
    '-'   shift, and go to state 51
    '*'   shift, and go to state 52
    '/'   shift, and go to state 53
    '%'   shift, and go to state 54

    $default  reduce using rule 53 (E)


State 69

   30 E: E . '*' E
   31  | E . '/' E
   32  | E . '%' E
   33  | E . '+' E
   34  | E . '-' E
   35  | E . "<<" E
   36  | E . ">>" E
   37  | E . '<' E
   38  | E . "<=" E
   39  | E . '>' E
   40  | E . ">=" E
   41  | E . "==" E
   42  | E . "!=" E
   43  | E . '&' E
   44  | E . '^' E
   45  | E . '|' E
   46  | E . "&&" E
   47  | E . "||" E
   48  | E . '?' E ':' E
   49  | E . '=' E
   50  | E . "+=" E
   51  | E . "-=" E
   52  | E . "*=" E
   53  | E . "/=" E
   54  | E . "%=" E
   54  | E "%=" E .

    "+="  shift, and go to state 30
    "-="  shift, and go to state 31
    "*="  shift, and go to state 32
    "/="  shift, and go to state 33
    "%="  shift, and go to state 34
    "&&"  shift, and go to state 35
    "||"  shift, and go to state 36
    "<<"  shift, and go to state 37
    ">>"  shift, and go to state 38
    "=="  shift, and go to state 39
    "!="  shift, and go to state 40
    "<="  shift, and go to state 41
    ">="  shift, and go to state 42
    '='   shift, and go to state 43
    '?'   shift, and go to state 44
    '|'   shift, and go to state 45
    '^'   shift, and go to state 46
    '&'   shift, and go to state 47
    '<'   shift, and go to state 48
    '>'   shift, and go to state 49
    '+'   shift, and go to state 50
    '-'   shift, and go to state 51
    '*'   shift, and go to state 52
    '/'   shift, and go to state 53
    '%'   shift, and go to state 54

    $default  reduce using rule 54 (E)


State 70

   30 E: E . '*' E
   31  | E . '/' E
   32  | E . '%' E
   33  | E . '+' E
   34  | E . '-' E
   35  | E . "<<" E
   36  | E . ">>" E
   37  | E . '<' E
   38  | E . "<=" E
   39  | E . '>' E
   40  | E . ">=" E
   41  | E . "==" E
   42  | E . "!=" E
   43  | E . '&' E
   44  | E . '^' E
   45  | E . '|' E
   46  | E . "&&" E
   46  | E "&&" E .
   47  | E . "||" E
   48  | E . '?' E ':' E
   49  | E . '=' E
   50  | E . "+=" E
   51  | E . "-=" E
   52  | E . "*=" E
   53  | E . "/=" E
   54  | E . "%=" E

    "<<"  shift, and go to state 37
    ">>"  shift, and go to state 38
    "=="  shift, and go to state 39
    "!="  shift, and go to state 40
    "<="  shift, and go to state 41
    ">="  shift, and go to state 42
    '|'   shift, and go to state 45
    '^'   shift, and go to state 46
    '&'   shift, and go to state 47
    '<'   shift, and go to state 48
    '>'   shift, and go to state 49
    '+'   shift, and go to state 50
    '-'   shift, and go to state 51
    '*'   shift, and go to state 52
    '/'   shift, and go to state 53
    '%'   shift, and go to state 54

    $default  reduce using rule 46 (E)


State 71

   30 E: E . '*' E
   31  | E . '/' E
   32  | E . '%' E
   33  | E . '+' E
   34  | E . '-' E
   35  | E . "<<" E
   36  | E . ">>" E
   37  | E . '<' E
   38  | E . "<=" E
   39  | E . '>' E
   40  | E . ">=" E
   41  | E . "==" E
   42  | E . "!=" E
   43  | E . '&' E
   44  | E . '^' E
   45  | E . '|' E
   46  | E . "&&" E
   47  | E . "||" E
   47  | E "||" E .
   48  | E . '?' E ':' E
   49  | E . '=' E
   50  | E . "+=" E
   51  | E . "-=" E
   52  | E . "*=" E
   53  | E . "/=" E
   54  | E . "%=" E

    "&&"  shift, and go to state 35
    "<<"  shift, and go to state 37
    ">>"  shift, and go to state 38
    "=="  shift, and go to state 39
    "!="  shift, and go to state 40
    "<="  shift, and go to state 41
    ">="  shift, and go to state 42
    '|'   shift, and go to state 45
    '^'   shift, and go to state 46
    '&'   shift, and go to state 47
    '<'   shift, and go to state 48
    '>'   shift, and go to state 49
    '+'   shift, and go to state 50
    '-'   shift, and go to state 51
    '*'   shift, and go to state 52
    '/'   shift, and go to state 53
    '%'   shift, and go to state 54

    $default  reduce using rule 47 (E)


State 72

   30 E: E . '*' E
   31  | E . '/' E
   32  | E . '%' E
   33  | E . '+' E
   34  | E . '-' E
   35  | E . "<<" E
   35  | E "<<" E .
   36  | E . ">>" E
   37  | E . '<' E
   38  | E . "<=" E
   39  | E . '>' E
   40  | E . ">=" E
   41  | E . "==" E
   42  | E . "!=" E
   43  | E . '&' E
   44  | E . '^' E
   45  | E . '|' E
   46  | E . "&&" E
   47  | E . "||" E
   48  | E . '?' E ':' E
   49  | E . '=' E
   50  | E . "+=" E
   51  | E . "-=" E
   52  | E . "*=" E
   53  | E . "/=" E
   54  | E . "%=" E

    "=="  shift, and go to state 39
    "!="  shift, and go to state 40
    "<="  shift, and go to state 41
    ">="  shift, and go to state 42
    '<'   shift, and go to state 48
    '>'   shift, and go to state 49
    '+'   shift, and go to state 50
    '-'   shift, and go to state 51
    '*'   shift, and go to state 52
    '/'   shift, and go to state 53
    '%'   shift, and go to state 54

    $default  reduce using rule 35 (E)


State 73

   30 E: E . '*' E
   31  | E . '/' E
   32  | E . '%' E
   33  | E . '+' E
   34  | E . '-' E
   35  | E . "<<" E
   36  | E . ">>" E
   36  | E ">>" E .
   37  | E . '<' E
   38  | E . "<=" E
   39  | E . '>' E
   40  | E . ">=" E
   41  | E . "==" E
   42  | E . "!=" E
   43  | E . '&' E
   44  | E . '^' E
   45  | E . '|' E
   46  | E . "&&" E
   47  | E . "||" E
   48  | E . '?' E ':' E
   49  | E . '=' E
   50  | E . "+=" E
   51  | E . "-=" E
   52  | E . "*=" E
   53  | E . "/=" E
   54  | E . "%=" E

    "=="  shift, and go to state 39
    "!="  shift, and go to state 40
    "<="  shift, and go to state 41
    ">="  shift, and go to state 42
    '<'   shift, and go to state 48
    '>'   shift, and go to state 49
    '+'   shift, and go to state 50
    '-'   shift, and go to state 51
    '*'   shift, and go to state 52
    '/'   shift, and go to state 53
    '%'   shift, and go to state 54

    $default  reduce using rule 36 (E)


State 74

   30 E: E . '*' E
   31  | E . '/' E
   32  | E . '%' E
   33  | E . '+' E
   34  | E . '-' E
   35  | E . "<<" E
   36  | E . ">>" E
   37  | E . '<' E
   38  | E . "<=" E
   39  | E . '>' E
   40  | E . ">=" E
   41  | E . "==" E
   41  | E "==" E .
   42  | E . "!=" E
   43  | E . '&' E
   44  | E . '^' E
   45  | E . '|' E
   46  | E . "&&" E
   47  | E . "||" E
   48  | E . '?' E ':' E
   49  | E . '=' E
   50  | E . "+=" E
   51  | E . "-=" E
   52  | E . "*=" E
   53  | E . "/=" E
   54  | E . "%=" E

    "<="  shift, and go to state 41
    ">="  shift, and go to state 42
    '<'   shift, and go to state 48
    '>'   shift, and go to state 49
    '+'   shift, and go to state 50
    '-'   shift, and go to state 51
    '*'   shift, and go to state 52
    '/'   shift, and go to state 53
    '%'   shift, and go to state 54

    $default  reduce using rule 41 (E)


State 75

   30 E: E . '*' E
   31  | E . '/' E
   32  | E . '%' E
   33  | E . '+' E
   34  | E . '-' E
   35  | E . "<<" E
   36  | E . ">>" E
   37  | E . '<' E
   38  | E . "<=" E
   39  | E . '>' E
   40  | E . ">=" E
   41  | E . "==" E
   42  | E . "!=" E
   42  | E "!=" E .
   43  | E . '&' E
   44  | E . '^' E
   45  | E . '|' E
   46  | E . "&&" E
   47  | E . "||" E
   48  | E . '?' E ':' E
   49  | E . '=' E
   50  | E . "+=" E
   51  | E . "-=" E
   52  | E . "*=" E
   53  | E . "/=" E
   54  | E . "%=" E

    "<="  shift, and go to state 41
    ">="  shift, and go to state 42
    '<'   shift, and go to state 48
    '>'   shift, and go to state 49
    '+'   shift, and go to state 50
    '-'   shift, and go to state 51
    '*'   shift, and go to state 52
    '/'   shift, and go to state 53
    '%'   shift, and go to state 54

    $default  reduce using rule 42 (E)


State 76

   30 E: E . '*' E
   31  | E . '/' E
   32  | E . '%' E
   33  | E . '+' E
   34  | E . '-' E
   35  | E . "<<" E
   36  | E . ">>" E
   37  | E . '<' E
   38  | E . "<=" E
   38  | E "<=" E .
   39  | E . '>' E
   40  | E . ">=" E
   41  | E . "==" E
   42  | E . "!=" E
   43  | E . '&' E
   44  | E . '^' E
   45  | E . '|' E
   46  | E . "&&" E
   47  | E . "||" E
   48  | E . '?' E ':' E
   49  | E . '=' E
   50  | E . "+=" E
   51  | E . "-=" E
   52  | E . "*=" E
   53  | E . "/=" E
   54  | E . "%=" E

    '+'  shift, and go to state 50
    '-'  shift, and go to state 51
    '*'  shift, and go to state 52
    '/'  shift, and go to state 53
    '%'  shift, and go to state 54

    $default  reduce using rule 38 (E)


State 77

   30 E: E . '*' E
   31  | E . '/' E
   32  | E . '%' E
   33  | E . '+' E
   34  | E . '-' E
   35  | E . "<<" E
   36  | E . ">>" E
   37  | E . '<' E
   38  | E . "<=" E
   39  | E . '>' E
   40  | E . ">=" E
   40  | E ">=" E .
   41  | E . "==" E
   42  | E . "!=" E
   43  | E . '&' E
   44  | E . '^' E
   45  | E . '|' E
   46  | E . "&&" E
   47  | E . "||" E
   48  | E . '?' E ':' E
   49  | E . '=' E
   50  | E . "+=" E
   51  | E . "-=" E
   52  | E . "*=" E
   53  | E . "/=" E
   54  | E . "%=" E

    '+'  shift, and go to state 50
    '-'  shift, and go to state 51
    '*'  shift, and go to state 52
    '/'  shift, and go to state 53
    '%'  shift, and go to state 54

    $default  reduce using rule 40 (E)


State 78

   30 E: E . '*' E
   31  | E . '/' E
   32  | E . '%' E
   33  | E . '+' E
   34  | E . '-' E
   35  | E . "<<" E
   36  | E . ">>" E
   37  | E . '<' E
   38  | E . "<=" E
   39  | E . '>' E
   40  | E . ">=" E
   41  | E . "==" E
   42  | E . "!=" E
   43  | E . '&' E
   44  | E . '^' E
   45  | E . '|' E
   46  | E . "&&" E
   47  | E . "||" E
   48  | E . '?' E ':' E
   49  | E . '=' E
   49  | E '=' E .
   50  | E . "+=" E
   51  | E . "-=" E
   52  | E . "*=" E
   53  | E . "/=" E
   54  | E . "%=" E

    "+="  shift, and go to state 30
    "-="  shift, and go to state 31
    "*="  shift, and go to state 32
    "/="  shift, and go to state 33
    "%="  shift, and go to state 34
    "&&"  shift, and go to state 35
    "||"  shift, and go to state 36
    "<<"  shift, and go to state 37
    ">>"  shift, and go to state 38
    "=="  shift, and go to state 39
    "!="  shift, and go to state 40
    "<="  shift, and go to state 41
    ">="  shift, and go to state 42
    '='   shift, and go to state 43
    '?'   shift, and go to state 44
    '|'   shift, and go to state 45
    '^'   shift, and go to state 46
    '&'   shift, and go to state 47
    '<'   shift, and go to state 48
    '>'   shift, and go to state 49
    '+'   shift, and go to state 50
    '-'   shift, and go to state 51
    '*'   shift, and go to state 52
    '/'   shift, and go to state 53
    '%'   shift, and go to state 54

    $default  reduce using rule 49 (E)


State 79

   30 E: E . '*' E
   31  | E . '/' E
   32  | E . '%' E
   33  | E . '+' E
   34  | E . '-' E
   35  | E . "<<" E
   36  | E . ">>" E
   37  | E . '<' E
   38  | E . "<=" E
   39  | E . '>' E
   40  | E . ">=" E
   41  | E . "==" E
   42  | E . "!=" E
   43  | E . '&' E
   44  | E . '^' E
   45  | E . '|' E
   46  | E . "&&" E
   47  | E . "||" E
   48  | E . '?' E ':' E
   48  | E '?' E . ':' E
   49  | E . '=' E
   50  | E . "+=" E
   51  | E . "-=" E
   52  | E . "*=" E
   53  | E . "/=" E
   54  | E . "%=" E

    "+="  shift, and go to state 30
    "-="  shift, and go to state 31
    "*="  shift, and go to state 32
    "/="  shift, and go to state 33
    "%="  shift, and go to state 34
    "&&"  shift, and go to state 35
    "||"  shift, and go to state 36
    "<<"  shift, and go to state 37
    ">>"  shift, and go to state 38
    "=="  shift, and go to state 39
    "!="  shift, and go to state 40
    "<="  shift, and go to state 41
    ">="  shift, and go to state 42
    '='   shift, and go to state 43
    '?'   shift, and go to state 44
    ':'   shift, and go to state 99
    '|'   shift, and go to state 45
    '^'   shift, and go to state 46
    '&'   shift, and go to state 47
    '<'   shift, and go to state 48
    '>'   shift, and go to state 49
    '+'   shift, and go to state 50
    '-'   shift, and go to state 51
    '*'   shift, and go to state 52
    '/'   shift, and go to state 53
    '%'   shift, and go to state 54


State 80

   30 E: E . '*' E
   31  | E . '/' E
   32  | E . '%' E
   33  | E . '+' E
   34  | E . '-' E
   35  | E . "<<" E
   36  | E . ">>" E
   37  | E . '<' E
   38  | E . "<=" E
   39  | E . '>' E
   40  | E . ">=" E
   41  | E . "==" E
   42  | E . "!=" E
   43  | E . '&' E
   44  | E . '^' E
   45  | E . '|' E
   45  | E '|' E .
   46  | E . "&&" E
   47  | E . "||" E
   48  | E . '?' E ':' E
   49  | E . '=' E
   50  | E . "+=" E
   51  | E . "-=" E
   52  | E . "*=" E
   53  | E . "/=" E
   54  | E . "%=" E

    "<<"  shift, and go to state 37
    ">>"  shift, and go to state 38
    "=="  shift, and go to state 39
    "!="  shift, and go to state 40
    "<="  shift, and go to state 41
    ">="  shift, and go to state 42
    '^'   shift, and go to state 46
    '&'   shift, and go to state 47
    '<'   shift, and go to state 48
    '>'   shift, and go to state 49
    '+'   shift, and go to state 50
    '-'   shift, and go to state 51
    '*'   shift, and go to state 52
    '/'   shift, and go to state 53
    '%'   shift, and go to state 54

    $default  reduce using rule 45 (E)


State 81

   30 E: E . '*' E
   31  | E . '/' E
   32  | E . '%' E
   33  | E . '+' E
   34  | E . '-' E
   35  | E . "<<" E
   36  | E . ">>" E
   37  | E . '<' E
   38  | E . "<=" E
   39  | E . '>' E
   40  | E . ">=" E
   41  | E . "==" E
   42  | E . "!=" E
   43  | E . '&' E
   44  | E . '^' E
   44  | E '^' E .
   45  | E . '|' E
   46  | E . "&&" E
   47  | E . "||" E
   48  | E . '?' E ':' E
   49  | E . '=' E
   50  | E . "+=" E
   51  | E . "-=" E
   52  | E . "*=" E
   53  | E . "/=" E
   54  | E . "%=" E

    "<<"  shift, and go to state 37
    ">>"  shift, and go to state 38
    "=="  shift, and go to state 39
    "!="  shift, and go to state 40
    "<="  shift, and go to state 41
    ">="  shift, and go to state 42
    '&'   shift, and go to state 47
    '<'   shift, and go to state 48
    '>'   shift, and go to state 49
    '+'   shift, and go to state 50
    '-'   shift, and go to state 51
    '*'   shift, and go to state 52
    '/'   shift, and go to state 53
    '%'   shift, and go to state 54

    $default  reduce using rule 44 (E)


State 82

   30 E: E . '*' E
   31  | E . '/' E
   32  | E . '%' E
   33  | E . '+' E
   34  | E . '-' E
   35  | E . "<<" E
   36  | E . ">>" E
   37  | E . '<' E
   38  | E . "<=" E
   39  | E . '>' E
   40  | E . ">=" E
   41  | E . "==" E
   42  | E . "!=" E
   43  | E . '&' E
   43  | E '&' E .
   44  | E . '^' E
   45  | E . '|' E
   46  | E . "&&" E
   47  | E . "||" E
   48  | E . '?' E ':' E
   49  | E . '=' E
   50  | E . "+=" E
   51  | E . "-=" E
   52  | E . "*=" E
   53  | E . "/=" E
   54  | E . "%=" E

    "<<"  shift, and go to state 37
    ">>"  shift, and go to state 38
    "=="  shift, and go to state 39
    "!="  shift, and go to state 40
    "<="  shift, and go to state 41
    ">="  shift, and go to state 42
    '<'   shift, and go to state 48
    '>'   shift, and go to state 49
    '+'   shift, and go to state 50
    '-'   shift, and go to state 51
    '*'   shift, and go to state 52
    '/'   shift, and go to state 53
    '%'   shift, and go to state 54

    $default  reduce using rule 43 (E)


State 83

   30 E: E . '*' E
   31  | E . '/' E
   32  | E . '%' E
   33  | E . '+' E
   34  | E . '-' E
   35  | E . "<<" E
   36  | E . ">>" E
   37  | E . '<' E
   37  | E '<' E .
   38  | E . "<=" E
   39  | E . '>' E
   40  | E . ">=" E
   41  | E . "==" E
   42  | E . "!=" E
   43  | E . '&' E
   44  | E . '^' E
   45  | E . '|' E
   46  | E . "&&" E
   47  | E . "||" E
   48  | E . '?' E ':' E
   49  | E . '=' E
   50  | E . "+=" E
   51  | E . "-=" E
   52  | E . "*=" E
   53  | E . "/=" E
   54  | E . "%=" E

    '+'  shift, and go to state 50
    '-'  shift, and go to state 51
    '*'  shift, and go to state 52
    '/'  shift, and go to state 53
    '%'  shift, and go to state 54

    $default  reduce using rule 37 (E)


State 84

   30 E: E . '*' E
   31  | E . '/' E
   32  | E . '%' E
   33  | E . '+' E
   34  | E . '-' E
   35  | E . "<<" E
   36  | E . ">>" E
   37  | E . '<' E
   38  | E . "<=" E
   39  | E . '>' E
   39  | E '>' E .
   40  | E . ">=" E
   41  | E . "==" E
   42  | E . "!=" E
   43  | E . '&' E
   44  | E . '^' E
   45  | E . '|' E
   46  | E . "&&" E
   47  | E . "||" E
   48  | E . '?' E ':' E
   49  | E . '=' E
   50  | E . "+=" E
   51  | E . "-=" E
   52  | E . "*=" E
   53  | E . "/=" E
   54  | E . "%=" E

    '+'  shift, and go to state 50
    '-'  shift, and go to state 51
    '*'  shift, and go to state 52
    '/'  shift, and go to state 53
    '%'  shift, and go to state 54

    $default  reduce using rule 39 (E)


State 85

   30 E: E . '*' E
   31  | E . '/' E
   32  | E . '%' E
   33  | E . '+' E
   33  | E '+' E .
   34  | E . '-' E
   35  | E . "<<" E
   36  | E . ">>" E
   37  | E . '<' E
   38  | E . "<=" E
   39  | E . '>' E
   40  | E . ">=" E
   41  | E . "==" E
   42  | E . "!=" E
   43  | E . '&' E
   44  | E . '^' E
   45  | E . '|' E
   46  | E . "&&" E
   47  | E . "||" E
   48  | E . '?' E ':' E
   49  | E . '=' E
   50  | E . "+=" E
   51  | E . "-=" E
   52  | E . "*=" E
   53  | E . "/=" E
   54  | E . "%=" E

    '*'  shift, and go to state 52
    '/'  shift, and go to state 53
    '%'  shift, and go to state 54

    $default  reduce using rule 33 (E)


State 86

   30 E: E . '*' E
   31  | E . '/' E
   32  | E . '%' E
   33  | E . '+' E
   34  | E . '-' E
   34  | E '-' E .
   35  | E . "<<" E
   36  | E . ">>" E
   37  | E . '<' E
   38  | E . "<=" E
   39  | E . '>' E
   40  | E . ">=" E
   41  | E . "==" E
   42  | E . "!=" E
   43  | E . '&' E
   44  | E . '^' E
   45  | E . '|' E
   46  | E . "&&" E
   47  | E . "||" E
   48  | E . '?' E ':' E
   49  | E . '=' E
   50  | E . "+=" E
   51  | E . "-=" E
   52  | E . "*=" E
   53  | E . "/=" E
   54  | E . "%=" E

    '*'  shift, and go to state 52
    '/'  shift, and go to state 53
    '%'  shift, and go to state 54

    $default  reduce using rule 34 (E)


State 87

   30 E: E . '*' E
   30  | E '*' E .
   31  | E . '/' E
   32  | E . '%' E
   33  | E . '+' E
   34  | E . '-' E
   35  | E . "<<" E
   36  | E . ">>" E
   37  | E . '<' E
   38  | E . "<=" E
   39  | E . '>' E
   40  | E . ">=" E
   41  | E . "==" E
   42  | E . "!=" E
   43  | E . '&' E
   44  | E . '^' E
   45  | E . '|' E
   46  | E . "&&" E
   47  | E . "||" E
   48  | E . '?' E ':' E
   49  | E . '=' E
   50  | E . "+=" E
   51  | E . "-=" E
   52  | E . "*=" E
   53  | E . "/=" E
   54  | E . "%=" E

    $default  reduce using rule 30 (E)


State 88

   30 E: E . '*' E
   31  | E . '/' E
   31  | E '/' E .
   32  | E . '%' E
   33  | E . '+' E
   34  | E . '-' E
   35  | E . "<<" E
   36  | E . ">>" E
   37  | E . '<' E
   38  | E . "<=" E
   39  | E . '>' E
   40  | E . ">=" E
   41  | E . "==" E
   42  | E . "!=" E
   43  | E . '&' E
   44  | E . '^' E
   45  | E . '|' E
   46  | E . "&&" E
   47  | E . "||" E
   48  | E . '?' E ':' E
   49  | E . '=' E
   50  | E . "+=" E
   51  | E . "-=" E
   52  | E . "*=" E
   53  | E . "/=" E
   54  | E . "%=" E

    $default  reduce using rule 31 (E)


State 89

   30 E: E . '*' E
   31  | E . '/' E
   32  | E . '%' E
   32  | E '%' E .
   33  | E . '+' E
   34  | E . '-' E
   35  | E . "<<" E
   36  | E . ">>" E
   37  | E . '<' E
   38  | E . "<=" E
   39  | E . '>' E
   40  | E . ">=" E
   41  | E . "==" E
   42  | E . "!=" E
   43  | E . '&' E
   44  | E . '^' E
   45  | E . '|' E
   46  | E . "&&" E
   47  | E . "||" E
   48  | E . '?' E ':' E
   49  | E . '=' E
   50  | E . "+=" E
   51  | E . "-=" E
   52  | E . "*=" E
   53  | E . "/=" E
   54  | E . "%=" E

    $default  reduce using rule 32 (E)


State 90

   62 deflist: Type Identifier '=' . E

    Int_Constant  shift, and go to state 9
    Identifier    shift, and go to state 10
    "++"          shift, and go to state 11
    "--"          shift, and go to state 12
    '+'           shift, and go to state 13
    '-'           shift, and go to state 14
    '!'           shift, and go to state 15
    '~'           shift, and go to state 16
    '('           shift, and go to state 17

    E  go to state 100


State 91

   64 def: Type . Identifier '=' E

    Identifier  shift, and go to state 101


State 92

    6 SS: SS . S
   68 fn_def: Type Identifier '(' ')' '{' SS . '}'

    Int_Constant  shift, and go to state 9
    Identifier    shift, and go to state 102
    IF            shift, and go to state 103
    WHILE         shift, and go to state 104
    DO            shift, and go to state 105
    RETURN        shift, and go to state 106
    GOTO          shift, and go to state 107
    CONTINUE      shift, and go to state 108
    BREAK         shift, and go to state 109
    FOR           shift, and go to state 110
    "++"          shift, and go to state 11
    "--"          shift, and go to state 12
    '+'           shift, and go to state 13
    '-'           shift, and go to state 14
    '!'           shift, and go to state 15
    '~'           shift, and go to state 16
    ';'           shift, and go to state 111
    '{'           shift, and go to state 112
    '}'           shift, and go to state 113
    '('           shift, and go to state 17

    S  go to state 114
    E  go to state 115


State 93

   65 def: def . ',' Identifier '=' E
   70 fn_def: Type Identifier '(' ')' '{' def . ';' SS '}'

    ','  shift, and go to state 116
    ';'  shift, and go to state 117


State 94

   63 deflist: deflist ',' Type . Identifier '=' E

    Identifier  shift, and go to state 118


State 95

   67 fn_dec: Type Identifier '(' deflist ')' ';' .

    $default  reduce using rule 67 (fn_dec)


State 96

   69 fn_def: Type Identifier '(' deflist ')' '{' . SS '}'
   71       | Type Identifier '(' deflist ')' '{' . def ';' SS '}'

    Type  shift, and go to state 91

    $default  reduce using rule 5 (SS)

    SS   go to state 119
    def  go to state 120


State 97

   61 Elist: Elist ',' . E

    Int_Constant  shift, and go to state 9
    Identifier    shift, and go to state 10
    "++"          shift, and go to state 11
    "--"          shift, and go to state 12
    '+'           shift, and go to state 13
    '-'           shift, and go to state 14
    '!'           shift, and go to state 15
    '~'           shift, and go to state 16
    '('           shift, and go to state 17

    E  go to state 121


State 98

   59 E: Identifier '(' Elist ')' .

    $default  reduce using rule 59 (E)


State 99

   48 E: E '?' E ':' . E

    Int_Constant  shift, and go to state 9
    Identifier    shift, and go to state 10
    "++"          shift, and go to state 11
    "--"          shift, and go to state 12
    '+'           shift, and go to state 13
    '-'           shift, and go to state 14
    '!'           shift, and go to state 15
    '~'           shift, and go to state 16
    '('           shift, and go to state 17

    E  go to state 122


State 100

   30 E: E . '*' E
   31  | E . '/' E
   32  | E . '%' E
   33  | E . '+' E
   34  | E . '-' E
   35  | E . "<<" E
   36  | E . ">>" E
   37  | E . '<' E
   38  | E . "<=" E
   39  | E . '>' E
   40  | E . ">=" E
   41  | E . "==" E
   42  | E . "!=" E
   43  | E . '&' E
   44  | E . '^' E
   45  | E . '|' E
   46  | E . "&&" E
   47  | E . "||" E
   48  | E . '?' E ':' E
   49  | E . '=' E
   50  | E . "+=" E
   51  | E . "-=" E
   52  | E . "*=" E
   53  | E . "/=" E
   54  | E . "%=" E
   62 deflist: Type Identifier '=' E .

    "+="  shift, and go to state 30
    "-="  shift, and go to state 31
    "*="  shift, and go to state 32
    "/="  shift, and go to state 33
    "%="  shift, and go to state 34
    "&&"  shift, and go to state 35
    "||"  shift, and go to state 36
    "<<"  shift, and go to state 37
    ">>"  shift, and go to state 38
    "=="  shift, and go to state 39
    "!="  shift, and go to state 40
    "<="  shift, and go to state 41
    ">="  shift, and go to state 42
    '='   shift, and go to state 43
    '?'   shift, and go to state 44
    '|'   shift, and go to state 45
    '^'   shift, and go to state 46
    '&'   shift, and go to state 47
    '<'   shift, and go to state 48
    '>'   shift, and go to state 49
    '+'   shift, and go to state 50
    '-'   shift, and go to state 51
    '*'   shift, and go to state 52
    '/'   shift, and go to state 53
    '%'   shift, and go to state 54

    $default  reduce using rule 62 (deflist)


State 101

   64 def: Type Identifier . '=' E

    '='  shift, and go to state 123


State 102

   17 S: Identifier . ':'
   57 E: Identifier .
   58  | Identifier . '(' ')'
   59  | Identifier . '(' Elist ')'

    ':'  shift, and go to state 124
    '('  shift, and go to state 22

    $default  reduce using rule 57 (E)


State 103

   12 S: IF . '(' E ')' S ELSE S
   13  | IF . '(' E ')' S

    '('  shift, and go to state 125


State 104

   14 S: WHILE . '(' E ')' S
   15  | WHILE . '(' ')' S

    '('  shift, and go to state 126


State 105

   16 S: DO . S WHILE '(' E ')' ';'

    Int_Constant  shift, and go to state 9
    Identifier    shift, and go to state 102
    IF            shift, and go to state 103
    WHILE         shift, and go to state 104
    DO            shift, and go to state 105
    RETURN        shift, and go to state 106
    GOTO          shift, and go to state 107
    CONTINUE      shift, and go to state 108
    BREAK         shift, and go to state 109
    FOR           shift, and go to state 110
    "++"          shift, and go to state 11
    "--"          shift, and go to state 12
    '+'           shift, and go to state 13
    '-'           shift, and go to state 14
    '!'           shift, and go to state 15
    '~'           shift, and go to state 16
    ';'           shift, and go to state 111
    '{'           shift, and go to state 112
    '('           shift, and go to state 17

    S  go to state 127
    E  go to state 115


State 106

   19 S: RETURN . ';'
   20  | RETURN . E ';'

    Int_Constant  shift, and go to state 9
    Identifier    shift, and go to state 10
    "++"          shift, and go to state 11
    "--"          shift, and go to state 12
    '+'           shift, and go to state 13
    '-'           shift, and go to state 14
    '!'           shift, and go to state 15
    '~'           shift, and go to state 16
    ';'           shift, and go to state 128
    '('           shift, and go to state 17

    E  go to state 129


State 107

   18 S: GOTO . Identifier ';'

    Identifier  shift, and go to state 130


State 108

   21 S: CONTINUE . ';'

    ';'  shift, and go to state 131


State 109

   22 S: BREAK . ';'

    ';'  shift, and go to state 132


State 110

   23 S: FOR . '(' E_null ';' E_null ';' E_null ')' S

    '('  shift, and go to state 133


State 111

    9 S: ';' .

    $default  reduce using rule 9 (S)


State 112

   11 S: '{' . SS '}'

    $default  reduce using rule 5 (SS)

    SS  go to state 134


State 113

   68 fn_def: Type Identifier '(' ')' '{' SS '}' .

    $default  reduce using rule 68 (fn_def)


State 114

    6 SS: SS S .

    $default  reduce using rule 6 (SS)


State 115

   10 S: E . ';'
   30 E: E . '*' E
   31  | E . '/' E
   32  | E . '%' E
   33  | E . '+' E
   34  | E . '-' E
   35  | E . "<<" E
   36  | E . ">>" E
   37  | E . '<' E
   38  | E . "<=" E
   39  | E . '>' E
   40  | E . ">=" E
   41  | E . "==" E
   42  | E . "!=" E
   43  | E . '&' E
   44  | E . '^' E
   45  | E . '|' E
   46  | E . "&&" E
   47  | E . "||" E
   48  | E . '?' E ':' E
   49  | E . '=' E
   50  | E . "+=" E
   51  | E . "-=" E
   52  | E . "*=" E
   53  | E . "/=" E
   54  | E . "%=" E

    "+="  shift, and go to state 30
    "-="  shift, and go to state 31
    "*="  shift, and go to state 32
    "/="  shift, and go to state 33
    "%="  shift, and go to state 34
    "&&"  shift, and go to state 35
    "||"  shift, and go to state 36
    "<<"  shift, and go to state 37
    ">>"  shift, and go to state 38
    "=="  shift, and go to state 39
    "!="  shift, and go to state 40
    "<="  shift, and go to state 41
    ">="  shift, and go to state 42
    '='   shift, and go to state 43
    '?'   shift, and go to state 44
    '|'   shift, and go to state 45
    '^'   shift, and go to state 46
    '&'   shift, and go to state 47
    '<'   shift, and go to state 48
    '>'   shift, and go to state 49
    '+'   shift, and go to state 50
    '-'   shift, and go to state 51
    '*'   shift, and go to state 52
    '/'   shift, and go to state 53
    '%'   shift, and go to state 54
    ';'   shift, and go to state 135


State 116

   65 def: def ',' . Identifier '=' E

    Identifier  shift, and go to state 136


State 117

   70 fn_def: Type Identifier '(' ')' '{' def ';' . SS '}'

    $default  reduce using rule 5 (SS)

    SS  go to state 137


State 118

   63 deflist: deflist ',' Type Identifier . '=' E

    '='  shift, and go to state 138


State 119

    6 SS: SS . S
   69 fn_def: Type Identifier '(' deflist ')' '{' SS . '}'

    Int_Constant  shift, and go to state 9
    Identifier    shift, and go to state 102
    IF            shift, and go to state 103
    WHILE         shift, and go to state 104
    DO            shift, and go to state 105
    RETURN        shift, and go to state 106
    GOTO          shift, and go to state 107
    CONTINUE      shift, and go to state 108
    BREAK         shift, and go to state 109
    FOR           shift, and go to state 110
    "++"          shift, and go to state 11
    "--"          shift, and go to state 12
    '+'           shift, and go to state 13
    '-'           shift, and go to state 14
    '!'           shift, and go to state 15
    '~'           shift, and go to state 16
    ';'           shift, and go to state 111
    '{'           shift, and go to state 112
    '}'           shift, and go to state 139
    '('           shift, and go to state 17

    S  go to state 114
    E  go to state 115


State 120

   65 def: def . ',' Identifier '=' E
   71 fn_def: Type Identifier '(' deflist ')' '{' def . ';' SS '}'

    ','  shift, and go to state 116
    ';'  shift, and go to state 140


State 121

   30 E: E . '*' E
   31  | E . '/' E
   32  | E . '%' E
   33  | E . '+' E
   34  | E . '-' E
   35  | E . "<<" E
   36  | E . ">>" E
   37  | E . '<' E
   38  | E . "<=" E
   39  | E . '>' E
   40  | E . ">=" E
   41  | E . "==" E
   42  | E . "!=" E
   43  | E . '&' E
   44  | E . '^' E
   45  | E . '|' E
   46  | E . "&&" E
   47  | E . "||" E
   48  | E . '?' E ':' E
   49  | E . '=' E
   50  | E . "+=" E
   51  | E . "-=" E
   52  | E . "*=" E
   53  | E . "/=" E
   54  | E . "%=" E
   61 Elist: Elist ',' E .

    "+="  shift, and go to state 30
    "-="  shift, and go to state 31
    "*="  shift, and go to state 32
    "/="  shift, and go to state 33
    "%="  shift, and go to state 34
    "&&"  shift, and go to state 35
    "||"  shift, and go to state 36
    "<<"  shift, and go to state 37
    ">>"  shift, and go to state 38
    "=="  shift, and go to state 39
    "!="  shift, and go to state 40
    "<="  shift, and go to state 41
    ">="  shift, and go to state 42
    '='   shift, and go to state 43
    '?'   shift, and go to state 44
    '|'   shift, and go to state 45
    '^'   shift, and go to state 46
    '&'   shift, and go to state 47
    '<'   shift, and go to state 48
    '>'   shift, and go to state 49
    '+'   shift, and go to state 50
    '-'   shift, and go to state 51
    '*'   shift, and go to state 52
    '/'   shift, and go to state 53
    '%'   shift, and go to state 54

    $default  reduce using rule 61 (Elist)


State 122

   30 E: E . '*' E
   31  | E . '/' E
   32  | E . '%' E
   33  | E . '+' E
   34  | E . '-' E
   35  | E . "<<" E
   36  | E . ">>" E
   37  | E . '<' E
   38  | E . "<=" E
   39  | E . '>' E
   40  | E . ">=" E
   41  | E . "==" E
   42  | E . "!=" E
   43  | E . '&' E
   44  | E . '^' E
   45  | E . '|' E
   46  | E . "&&" E
   47  | E . "||" E
   48  | E . '?' E ':' E
   48  | E '?' E ':' E .
   49  | E . '=' E
   50  | E . "+=" E
   51  | E . "-=" E
   52  | E . "*=" E
   53  | E . "/=" E
   54  | E . "%=" E

    "&&"  shift, and go to state 35
    "||"  shift, and go to state 36
    "<<"  shift, and go to state 37
    ">>"  shift, and go to state 38
    "=="  shift, and go to state 39
    "!="  shift, and go to state 40
    "<="  shift, and go to state 41
    ">="  shift, and go to state 42
    '?'   shift, and go to state 44
    '|'   shift, and go to state 45
    '^'   shift, and go to state 46
    '&'   shift, and go to state 47
    '<'   shift, and go to state 48
    '>'   shift, and go to state 49
    '+'   shift, and go to state 50
    '-'   shift, and go to state 51
    '*'   shift, and go to state 52
    '/'   shift, and go to state 53
    '%'   shift, and go to state 54

    $default  reduce using rule 48 (E)


State 123

   64 def: Type Identifier '=' . E

    Int_Constant  shift, and go to state 9
    Identifier    shift, and go to state 10
    "++"          shift, and go to state 11
    "--"          shift, and go to state 12
    '+'           shift, and go to state 13
    '-'           shift, and go to state 14
    '!'           shift, and go to state 15
    '~'           shift, and go to state 16
    '('           shift, and go to state 17

    E  go to state 141


State 124

   17 S: Identifier ':' .

    $default  reduce using rule 17 (S)


State 125

   12 S: IF '(' . E ')' S ELSE S
   13  | IF '(' . E ')' S

    Int_Constant  shift, and go to state 9
    Identifier    shift, and go to state 10
    "++"          shift, and go to state 11
    "--"          shift, and go to state 12
    '+'           shift, and go to state 13
    '-'           shift, and go to state 14
    '!'           shift, and go to state 15
    '~'           shift, and go to state 16
    '('           shift, and go to state 17

    E  go to state 142


State 126

   14 S: WHILE '(' . E ')' S
   15  | WHILE '(' . ')' S

    Int_Constant  shift, and go to state 9
    Identifier    shift, and go to state 10
    "++"          shift, and go to state 11
    "--"          shift, and go to state 12
    '+'           shift, and go to state 13
    '-'           shift, and go to state 14
    '!'           shift, and go to state 15
    '~'           shift, and go to state 16
    '('           shift, and go to state 17
    ')'           shift, and go to state 143

    E  go to state 144


State 127

   16 S: DO S . WHILE '(' E ')' ';'

    WHILE  shift, and go to state 145


State 128

   19 S: RETURN ';' .

    $default  reduce using rule 19 (S)


State 129

   20 S: RETURN E . ';'
   30 E: E . '*' E
   31  | E . '/' E
   32  | E . '%' E
   33  | E . '+' E
   34  | E . '-' E
   35  | E . "<<" E
   36  | E . ">>" E
   37  | E . '<' E
   38  | E . "<=" E
   39  | E . '>' E
   40  | E . ">=" E
   41  | E . "==" E
   42  | E . "!=" E
   43  | E . '&' E
   44  | E . '^' E
   45  | E . '|' E
   46  | E . "&&" E
   47  | E . "||" E
   48  | E . '?' E ':' E
   49  | E . '=' E
   50  | E . "+=" E
   51  | E . "-=" E
   52  | E . "*=" E
   53  | E . "/=" E
   54  | E . "%=" E

    "+="  shift, and go to state 30
    "-="  shift, and go to state 31
    "*="  shift, and go to state 32
    "/="  shift, and go to state 33
    "%="  shift, and go to state 34
    "&&"  shift, and go to state 35
    "||"  shift, and go to state 36
    "<<"  shift, and go to state 37
    ">>"  shift, and go to state 38
    "=="  shift, and go to state 39
    "!="  shift, and go to state 40
    "<="  shift, and go to state 41
    ">="  shift, and go to state 42
    '='   shift, and go to state 43
    '?'   shift, and go to state 44
    '|'   shift, and go to state 45
    '^'   shift, and go to state 46
    '&'   shift, and go to state 47
    '<'   shift, and go to state 48
    '>'   shift, and go to state 49
    '+'   shift, and go to state 50
    '-'   shift, and go to state 51
    '*'   shift, and go to state 52
    '/'   shift, and go to state 53
    '%'   shift, and go to state 54
    ';'   shift, and go to state 146


State 130

   18 S: GOTO Identifier . ';'

    ';'  shift, and go to state 147


State 131

   21 S: CONTINUE ';' .

    $default  reduce using rule 21 (S)


State 132

   22 S: BREAK ';' .

    $default  reduce using rule 22 (S)


State 133

   23 S: FOR '(' . E_null ';' E_null ';' E_null ')' S

    Int_Constant  shift, and go to state 9
    Identifier    shift, and go to state 10
    "++"          shift, and go to state 11
    "--"          shift, and go to state 12
    '+'           shift, and go to state 13
    '-'           shift, and go to state 14
    '!'           shift, and go to state 15
    '~'           shift, and go to state 16
    '('           shift, and go to state 17

    $default  reduce using rule 7 (E_null)

    E_null  go to state 148
    E       go to state 149


State 134

    6 SS: SS . S
   11 S: '{' SS . '}'

    Int_Constant  shift, and go to state 9
    Identifier    shift, and go to state 102
    IF            shift, and go to state 103
    WHILE         shift, and go to state 104
    DO            shift, and go to state 105
    RETURN        shift, and go to state 106
    GOTO          shift, and go to state 107
    CONTINUE      shift, and go to state 108
    BREAK         shift, and go to state 109
    FOR           shift, and go to state 110
    "++"          shift, and go to state 11
    "--"          shift, and go to state 12
    '+'           shift, and go to state 13
    '-'           shift, and go to state 14
    '!'           shift, and go to state 15
    '~'           shift, and go to state 16
    ';'           shift, and go to state 111
    '{'           shift, and go to state 112
    '}'           shift, and go to state 150
    '('           shift, and go to state 17

    S  go to state 114
    E  go to state 115


State 135

   10 S: E ';' .

    $default  reduce using rule 10 (S)


State 136

   65 def: def ',' Identifier . '=' E

    '='  shift, and go to state 151


State 137

    6 SS: SS . S
   70 fn_def: Type Identifier '(' ')' '{' def ';' SS . '}'

    Int_Constant  shift, and go to state 9
    Identifier    shift, and go to state 102
    IF            shift, and go to state 103
    WHILE         shift, and go to state 104
    DO            shift, and go to state 105
    RETURN        shift, and go to state 106
    GOTO          shift, and go to state 107
    CONTINUE      shift, and go to state 108
    BREAK         shift, and go to state 109
    FOR           shift, and go to state 110
    "++"          shift, and go to state 11
    "--"          shift, and go to state 12
    '+'           shift, and go to state 13
    '-'           shift, and go to state 14
    '!'           shift, and go to state 15
    '~'           shift, and go to state 16
    ';'           shift, and go to state 111
    '{'           shift, and go to state 112
    '}'           shift, and go to state 152
    '('           shift, and go to state 17

    S  go to state 114
    E  go to state 115


State 138

   63 deflist: deflist ',' Type Identifier '=' . E

    Int_Constant  shift, and go to state 9
    Identifier    shift, and go to state 10
    "++"          shift, and go to state 11
    "--"          shift, and go to state 12
    '+'           shift, and go to state 13
    '-'           shift, and go to state 14
    '!'           shift, and go to state 15
    '~'           shift, and go to state 16
    '('           shift, and go to state 17

    E  go to state 153


State 139

   69 fn_def: Type Identifier '(' deflist ')' '{' SS '}' .

    $default  reduce using rule 69 (fn_def)


State 140

   71 fn_def: Type Identifier '(' deflist ')' '{' def ';' . SS '}'

    $default  reduce using rule 5 (SS)

    SS  go to state 154


State 141

   30 E: E . '*' E
   31  | E . '/' E
   32  | E . '%' E
   33  | E . '+' E
   34  | E . '-' E
   35  | E . "<<" E
   36  | E . ">>" E
   37  | E . '<' E
   38  | E . "<=" E
   39  | E . '>' E
   40  | E . ">=" E
   41  | E . "==" E
   42  | E . "!=" E
   43  | E . '&' E
   44  | E . '^' E
   45  | E . '|' E
   46  | E . "&&" E
   47  | E . "||" E
   48  | E . '?' E ':' E
   49  | E . '=' E
   50  | E . "+=" E
   51  | E . "-=" E
   52  | E . "*=" E
   53  | E . "/=" E
   54  | E . "%=" E
   64 def: Type Identifier '=' E .

    "+="  shift, and go to state 30
    "-="  shift, and go to state 31
    "*="  shift, and go to state 32
    "/="  shift, and go to state 33
    "%="  shift, and go to state 34
    "&&"  shift, and go to state 35
    "||"  shift, and go to state 36
    "<<"  shift, and go to state 37
    ">>"  shift, and go to state 38
    "=="  shift, and go to state 39
    "!="  shift, and go to state 40
    "<="  shift, and go to state 41
    ">="  shift, and go to state 42
    '='   shift, and go to state 43
    '?'   shift, and go to state 44
    '|'   shift, and go to state 45
    '^'   shift, and go to state 46
    '&'   shift, and go to state 47
    '<'   shift, and go to state 48
    '>'   shift, and go to state 49
    '+'   shift, and go to state 50
    '-'   shift, and go to state 51
    '*'   shift, and go to state 52
    '/'   shift, and go to state 53
    '%'   shift, and go to state 54

    $default  reduce using rule 64 (def)


State 142

   12 S: IF '(' E . ')' S ELSE S
   13  | IF '(' E . ')' S
   30 E: E . '*' E
   31  | E . '/' E
   32  | E . '%' E
   33  | E . '+' E
   34  | E . '-' E
   35  | E . "<<" E
   36  | E . ">>" E
   37  | E . '<' E
   38  | E . "<=" E
   39  | E . '>' E
   40  | E . ">=" E
   41  | E . "==" E
   42  | E . "!=" E
   43  | E . '&' E
   44  | E . '^' E
   45  | E . '|' E
   46  | E . "&&" E
   47  | E . "||" E
   48  | E . '?' E ':' E
   49  | E . '=' E
   50  | E . "+=" E
   51  | E . "-=" E
   52  | E . "*=" E
   53  | E . "/=" E
   54  | E . "%=" E

    "+="  shift, and go to state 30
    "-="  shift, and go to state 31
    "*="  shift, and go to state 32
    "/="  shift, and go to state 33
    "%="  shift, and go to state 34
    "&&"  shift, and go to state 35
    "||"  shift, and go to state 36
    "<<"  shift, and go to state 37
    ">>"  shift, and go to state 38
    "=="  shift, and go to state 39
    "!="  shift, and go to state 40
    "<="  shift, and go to state 41
    ">="  shift, and go to state 42
    '='   shift, and go to state 43
    '?'   shift, and go to state 44
    '|'   shift, and go to state 45
    '^'   shift, and go to state 46
    '&'   shift, and go to state 47
    '<'   shift, and go to state 48
    '>'   shift, and go to state 49
    '+'   shift, and go to state 50
    '-'   shift, and go to state 51
    '*'   shift, and go to state 52
    '/'   shift, and go to state 53
    '%'   shift, and go to state 54
    ')'   shift, and go to state 155


State 143

   15 S: WHILE '(' ')' . S

    Int_Constant  shift, and go to state 9
    Identifier    shift, and go to state 102
    IF            shift, and go to state 103
    WHILE         shift, and go to state 104
    DO            shift, and go to state 105
    RETURN        shift, and go to state 106
    GOTO          shift, and go to state 107
    CONTINUE      shift, and go to state 108
    BREAK         shift, and go to state 109
    FOR           shift, and go to state 110
    "++"          shift, and go to state 11
    "--"          shift, and go to state 12
    '+'           shift, and go to state 13
    '-'           shift, and go to state 14
    '!'           shift, and go to state 15
    '~'           shift, and go to state 16
    ';'           shift, and go to state 111
    '{'           shift, and go to state 112
    '('           shift, and go to state 17

    S  go to state 156
    E  go to state 115


State 144

   14 S: WHILE '(' E . ')' S
   30 E: E . '*' E
   31  | E . '/' E
   32  | E . '%' E
   33  | E . '+' E
   34  | E . '-' E
   35  | E . "<<" E
   36  | E . ">>" E
   37  | E . '<' E
   38  | E . "<=" E
   39  | E . '>' E
   40  | E . ">=" E
   41  | E . "==" E
   42  | E . "!=" E
   43  | E . '&' E
   44  | E . '^' E
   45  | E . '|' E
   46  | E . "&&" E
   47  | E . "||" E
   48  | E . '?' E ':' E
   49  | E . '=' E
   50  | E . "+=" E
   51  | E . "-=" E
   52  | E . "*=" E
   53  | E . "/=" E
   54  | E . "%=" E

    "+="  shift, and go to state 30
    "-="  shift, and go to state 31
    "*="  shift, and go to state 32
    "/="  shift, and go to state 33
    "%="  shift, and go to state 34
    "&&"  shift, and go to state 35
    "||"  shift, and go to state 36
    "<<"  shift, and go to state 37
    ">>"  shift, and go to state 38
    "=="  shift, and go to state 39
    "!="  shift, and go to state 40
    "<="  shift, and go to state 41
    ">="  shift, and go to state 42
    '='   shift, and go to state 43
    '?'   shift, and go to state 44
    '|'   shift, and go to state 45
    '^'   shift, and go to state 46
    '&'   shift, and go to state 47
    '<'   shift, and go to state 48
    '>'   shift, and go to state 49
    '+'   shift, and go to state 50
    '-'   shift, and go to state 51
    '*'   shift, and go to state 52
    '/'   shift, and go to state 53
    '%'   shift, and go to state 54
    ')'   shift, and go to state 157


State 145

   16 S: DO S WHILE . '(' E ')' ';'

    '('  shift, and go to state 158


State 146

   20 S: RETURN E ';' .

    $default  reduce using rule 20 (S)


State 147

   18 S: GOTO Identifier ';' .

    $default  reduce using rule 18 (S)


State 148

   23 S: FOR '(' E_null . ';' E_null ';' E_null ')' S

    ';'  shift, and go to state 159


State 149

    8 E_null: E .
   30 E: E . '*' E
   31  | E . '/' E
   32  | E . '%' E
   33  | E . '+' E
   34  | E . '-' E
   35  | E . "<<" E
   36  | E . ">>" E
   37  | E . '<' E
   38  | E . "<=" E
   39  | E . '>' E
   40  | E . ">=" E
   41  | E . "==" E
   42  | E . "!=" E
   43  | E . '&' E
   44  | E . '^' E
   45  | E . '|' E
   46  | E . "&&" E
   47  | E . "||" E
   48  | E . '?' E ':' E
   49  | E . '=' E
   50  | E . "+=" E
   51  | E . "-=" E
   52  | E . "*=" E
   53  | E . "/=" E
   54  | E . "%=" E

    "+="  shift, and go to state 30
    "-="  shift, and go to state 31
    "*="  shift, and go to state 32
    "/="  shift, and go to state 33
    "%="  shift, and go to state 34
    "&&"  shift, and go to state 35
    "||"  shift, and go to state 36
    "<<"  shift, and go to state 37
    ">>"  shift, and go to state 38
    "=="  shift, and go to state 39
    "!="  shift, and go to state 40
    "<="  shift, and go to state 41
    ">="  shift, and go to state 42
    '='   shift, and go to state 43
    '?'   shift, and go to state 44
    '|'   shift, and go to state 45
    '^'   shift, and go to state 46
    '&'   shift, and go to state 47
    '<'   shift, and go to state 48
    '>'   shift, and go to state 49
    '+'   shift, and go to state 50
    '-'   shift, and go to state 51
    '*'   shift, and go to state 52
    '/'   shift, and go to state 53
    '%'   shift, and go to state 54

    $default  reduce using rule 8 (E_null)


State 150

   11 S: '{' SS '}' .

    $default  reduce using rule 11 (S)


State 151

   65 def: def ',' Identifier '=' . E

    Int_Constant  shift, and go to state 9
    Identifier    shift, and go to state 10
    "++"          shift, and go to state 11
    "--"          shift, and go to state 12
    '+'           shift, and go to state 13
    '-'           shift, and go to state 14
    '!'           shift, and go to state 15
    '~'           shift, and go to state 16
    '('           shift, and go to state 17

    E  go to state 160


State 152

   70 fn_def: Type Identifier '(' ')' '{' def ';' SS '}' .

    $default  reduce using rule 70 (fn_def)


State 153

   30 E: E . '*' E
   31  | E . '/' E
   32  | E . '%' E
   33  | E . '+' E
   34  | E . '-' E
   35  | E . "<<" E
   36  | E . ">>" E
   37  | E . '<' E
   38  | E . "<=" E
   39  | E . '>' E
   40  | E . ">=" E
   41  | E . "==" E
   42  | E . "!=" E
   43  | E . '&' E
   44  | E . '^' E
   45  | E . '|' E
   46  | E . "&&" E
   47  | E . "||" E
   48  | E . '?' E ':' E
   49  | E . '=' E
   50  | E . "+=" E
   51  | E . "-=" E
   52  | E . "*=" E
   53  | E . "/=" E
   54  | E . "%=" E
   63 deflist: deflist ',' Type Identifier '=' E .

    "+="  shift, and go to state 30
    "-="  shift, and go to state 31
    "*="  shift, and go to state 32
    "/="  shift, and go to state 33
    "%="  shift, and go to state 34
    "&&"  shift, and go to state 35
    "||"  shift, and go to state 36
    "<<"  shift, and go to state 37
    ">>"  shift, and go to state 38
    "=="  shift, and go to state 39
    "!="  shift, and go to state 40
    "<="  shift, and go to state 41
    ">="  shift, and go to state 42
    '='   shift, and go to state 43
    '?'   shift, and go to state 44
    '|'   shift, and go to state 45
    '^'   shift, and go to state 46
    '&'   shift, and go to state 47
    '<'   shift, and go to state 48
    '>'   shift, and go to state 49
    '+'   shift, and go to state 50
    '-'   shift, and go to state 51
    '*'   shift, and go to state 52
    '/'   shift, and go to state 53
    '%'   shift, and go to state 54

    $default  reduce using rule 63 (deflist)


State 154

    6 SS: SS . S
   71 fn_def: Type Identifier '(' deflist ')' '{' def ';' SS . '}'

    Int_Constant  shift, and go to state 9
    Identifier    shift, and go to state 102
    IF            shift, and go to state 103
    WHILE         shift, and go to state 104
    DO            shift, and go to state 105
    RETURN        shift, and go to state 106
    GOTO          shift, and go to state 107
    CONTINUE      shift, and go to state 108
    BREAK         shift, and go to state 109
    FOR           shift, and go to state 110
    "++"          shift, and go to state 11
    "--"          shift, and go to state 12
    '+'           shift, and go to state 13
    '-'           shift, and go to state 14
    '!'           shift, and go to state 15
    '~'           shift, and go to state 16
    ';'           shift, and go to state 111
    '{'           shift, and go to state 112
    '}'           shift, and go to state 161
    '('           shift, and go to state 17

    S  go to state 114
    E  go to state 115


State 155

   12 S: IF '(' E ')' . S ELSE S
   13  | IF '(' E ')' . S

    Int_Constant  shift, and go to state 9
    Identifier    shift, and go to state 102
    IF            shift, and go to state 103
    WHILE         shift, and go to state 104
    DO            shift, and go to state 105
    RETURN        shift, and go to state 106
    GOTO          shift, and go to state 107
    CONTINUE      shift, and go to state 108
    BREAK         shift, and go to state 109
    FOR           shift, and go to state 110
    "++"          shift, and go to state 11
    "--"          shift, and go to state 12
    '+'           shift, and go to state 13
    '-'           shift, and go to state 14
    '!'           shift, and go to state 15
    '~'           shift, and go to state 16
    ';'           shift, and go to state 111
    '{'           shift, and go to state 112
    '('           shift, and go to state 17

    S  go to state 162
    E  go to state 115


State 156

   15 S: WHILE '(' ')' S .

    $default  reduce using rule 15 (S)


State 157

   14 S: WHILE '(' E ')' . S

    Int_Constant  shift, and go to state 9
    Identifier    shift, and go to state 102
    IF            shift, and go to state 103
    WHILE         shift, and go to state 104
    DO            shift, and go to state 105
    RETURN        shift, and go to state 106
    GOTO          shift, and go to state 107
    CONTINUE      shift, and go to state 108
    BREAK         shift, and go to state 109
    FOR           shift, and go to state 110
    "++"          shift, and go to state 11
    "--"          shift, and go to state 12
    '+'           shift, and go to state 13
    '-'           shift, and go to state 14
    '!'           shift, and go to state 15
    '~'           shift, and go to state 16
    ';'           shift, and go to state 111
    '{'           shift, and go to state 112
    '('           shift, and go to state 17

    S  go to state 163
    E  go to state 115


State 158

   16 S: DO S WHILE '(' . E ')' ';'

    Int_Constant  shift, and go to state 9
    Identifier    shift, and go to state 10
    "++"          shift, and go to state 11
    "--"          shift, and go to state 12
    '+'           shift, and go to state 13
    '-'           shift, and go to state 14
    '!'           shift, and go to state 15
    '~'           shift, and go to state 16
    '('           shift, and go to state 17

    E  go to state 164


State 159

   23 S: FOR '(' E_null ';' . E_null ';' E_null ')' S

    Int_Constant  shift, and go to state 9
    Identifier    shift, and go to state 10
    "++"          shift, and go to state 11
    "--"          shift, and go to state 12
    '+'           shift, and go to state 13
    '-'           shift, and go to state 14
    '!'           shift, and go to state 15
    '~'           shift, and go to state 16
    '('           shift, and go to state 17

    $default  reduce using rule 7 (E_null)

    E_null  go to state 165
    E       go to state 149


State 160

   30 E: E . '*' E
   31  | E . '/' E
   32  | E . '%' E
   33  | E . '+' E
   34  | E . '-' E
   35  | E . "<<" E
   36  | E . ">>" E
   37  | E . '<' E
   38  | E . "<=" E
   39  | E . '>' E
   40  | E . ">=" E
   41  | E . "==" E
   42  | E . "!=" E
   43  | E . '&' E
   44  | E . '^' E
   45  | E . '|' E
   46  | E . "&&" E
   47  | E . "||" E
   48  | E . '?' E ':' E
   49  | E . '=' E
   50  | E . "+=" E
   51  | E . "-=" E
   52  | E . "*=" E
   53  | E . "/=" E
   54  | E . "%=" E
   65 def: def ',' Identifier '=' E .

    "+="  shift, and go to state 30
    "-="  shift, and go to state 31
    "*="  shift, and go to state 32
    "/="  shift, and go to state 33
    "%="  shift, and go to state 34
    "&&"  shift, and go to state 35
    "||"  shift, and go to state 36
    "<<"  shift, and go to state 37
    ">>"  shift, and go to state 38
    "=="  shift, and go to state 39
    "!="  shift, and go to state 40
    "<="  shift, and go to state 41
    ">="  shift, and go to state 42
    '='   shift, and go to state 43
    '?'   shift, and go to state 44
    '|'   shift, and go to state 45
    '^'   shift, and go to state 46
    '&'   shift, and go to state 47
    '<'   shift, and go to state 48
    '>'   shift, and go to state 49
    '+'   shift, and go to state 50
    '-'   shift, and go to state 51
    '*'   shift, and go to state 52
    '/'   shift, and go to state 53
    '%'   shift, and go to state 54

    $default  reduce using rule 65 (def)


State 161

   71 fn_def: Type Identifier '(' deflist ')' '{' def ';' SS '}' .

    $default  reduce using rule 71 (fn_def)


State 162

   12 S: IF '(' E ')' S . ELSE S
   13  | IF '(' E ')' S .

    ELSE  shift, and go to state 166

    $default  reduce using rule 13 (S)


State 163

   14 S: WHILE '(' E ')' S .

    $default  reduce using rule 14 (S)


State 164

   16 S: DO S WHILE '(' E . ')' ';'
   30 E: E . '*' E
   31  | E . '/' E
   32  | E . '%' E
   33  | E . '+' E
   34  | E . '-' E
   35  | E . "<<" E
   36  | E . ">>" E
   37  | E . '<' E
   38  | E . "<=" E
   39  | E . '>' E
   40  | E . ">=" E
   41  | E . "==" E
   42  | E . "!=" E
   43  | E . '&' E
   44  | E . '^' E
   45  | E . '|' E
   46  | E . "&&" E
   47  | E . "||" E
   48  | E . '?' E ':' E
   49  | E . '=' E
   50  | E . "+=" E
   51  | E . "-=" E
   52  | E . "*=" E
   53  | E . "/=" E
   54  | E . "%=" E

    "+="  shift, and go to state 30
    "-="  shift, and go to state 31
    "*="  shift, and go to state 32
    "/="  shift, and go to state 33
    "%="  shift, and go to state 34
    "&&"  shift, and go to state 35
    "||"  shift, and go to state 36
    "<<"  shift, and go to state 37
    ">>"  shift, and go to state 38
    "=="  shift, and go to state 39
    "!="  shift, and go to state 40
    "<="  shift, and go to state 41
    ">="  shift, and go to state 42
    '='   shift, and go to state 43
    '?'   shift, and go to state 44
    '|'   shift, and go to state 45
    '^'   shift, and go to state 46
    '&'   shift, and go to state 47
    '<'   shift, and go to state 48
    '>'   shift, and go to state 49
    '+'   shift, and go to state 50
    '-'   shift, and go to state 51
    '*'   shift, and go to state 52
    '/'   shift, and go to state 53
    '%'   shift, and go to state 54
    ')'   shift, and go to state 167


State 165

   23 S: FOR '(' E_null ';' E_null . ';' E_null ')' S

    ';'  shift, and go to state 168


State 166

   12 S: IF '(' E ')' S ELSE . S

    Int_Constant  shift, and go to state 9
    Identifier    shift, and go to state 102
    IF            shift, and go to state 103
    WHILE         shift, and go to state 104
    DO            shift, and go to state 105
    RETURN        shift, and go to state 106
    GOTO          shift, and go to state 107
    CONTINUE      shift, and go to state 108
    BREAK         shift, and go to state 109
    FOR           shift, and go to state 110
    "++"          shift, and go to state 11
    "--"          shift, and go to state 12
    '+'           shift, and go to state 13
    '-'           shift, and go to state 14
    '!'           shift, and go to state 15
    '~'           shift, and go to state 16
    ';'           shift, and go to state 111
    '{'           shift, and go to state 112
    '('           shift, and go to state 17

    S  go to state 169
    E  go to state 115


State 167

   16 S: DO S WHILE '(' E ')' . ';'

    ';'  shift, and go to state 170


State 168

   23 S: FOR '(' E_null ';' E_null ';' . E_null ')' S

    Int_Constant  shift, and go to state 9
    Identifier    shift, and go to state 10
    "++"          shift, and go to state 11
    "--"          shift, and go to state 12
    '+'           shift, and go to state 13
    '-'           shift, and go to state 14
    '!'           shift, and go to state 15
    '~'           shift, and go to state 16
    '('           shift, and go to state 17

    $default  reduce using rule 7 (E_null)

    E_null  go to state 171
    E       go to state 149


State 169

   12 S: IF '(' E ')' S ELSE S .

    $default  reduce using rule 12 (S)


State 170

   16 S: DO S WHILE '(' E ')' ';' .

    $default  reduce using rule 16 (S)


State 171

   23 S: FOR '(' E_null ';' E_null ';' E_null . ')' S

    ')'  shift, and go to state 172


State 172

   23 S: FOR '(' E_null ';' E_null ';' E_null ')' . S

    Int_Constant  shift, and go to state 9
    Identifier    shift, and go to state 102
    IF            shift, and go to state 103
    WHILE         shift, and go to state 104
    DO            shift, and go to state 105
    RETURN        shift, and go to state 106
    GOTO          shift, and go to state 107
    CONTINUE      shift, and go to state 108
    BREAK         shift, and go to state 109
    FOR           shift, and go to state 110
    "++"          shift, and go to state 11
    "--"          shift, and go to state 12
    '+'           shift, and go to state 13
    '-'           shift, and go to state 14
    '!'           shift, and go to state 15
    '~'           shift, and go to state 16
    ';'           shift, and go to state 111
    '{'           shift, and go to state 112
    '('           shift, and go to state 17

    S  go to state 173
    E  go to state 115


State 173

   23 S: FOR '(' E_null ';' E_null ';' E_null ')' S .

    $default  reduce using rule 23 (S)
