JMP __fn_main
label __fn_malloc
240 16 
RET
label __fn_free
241 16 
RET
label __fn_main
CLR 0
label __BEGIN_FOR_115_5
PUSH 0
MOVD 17 8
POP 16
SUB_AB
CLR 16
JC __CMP_115_14
INC 16
label __CMP_115_14
JZ 16 __END_FOR_115_5
INC 1
JMP __PLUSPLUS_FOR_115_5
INC 1
JMP __END_FOR_115_5
INC 1
label __PLUSPLUS_FOR_115_5
INC 0
JMP __BEGIN_FOR_115_5
label __END_FOR_115_5
label __BEGIN_WHILE_122_5
INC 1
JMP __BEGIN_WHILE_122_5
label __END_WHILE_122_5
label __BEGIN_WHILE_123_5
JMP __END_WHILE_123_5
INC 1
JMP __BEGIN_WHILE_123_5
label __END_WHILE_123_5
label __BEGIN_WHILE_124_5
JZ 0 __END_WHILE_124_5
INC 1
JMP __BEGIN_WHILE_124_5
label __END_WHILE_124_5
label __BEGIN_DOWHILE_125_5
INC 1
label __CHECK_DOWHILE_125_5
JMP __BEGIN_DOWHILE_125_5
label __END_DOWHILE_125_5
label __BEGIN_DOWHILE_126_5
INC 1
label __CHECK_DOWHILE_126_5
label __END_DOWHILE_126_5
label __BEGIN_DOWHILE_127_5
INC 1
label __CHECK_DOWHILE_127_5
JNZ 0 __BEGIN_DOWHILE_127_5
label __END_DOWHILE_127_5
PUSH 1
PUSH 0
MOVD 6 184
CALL __fn_func
POP 0
POP 1
PUSH 16
MOVD 17 456
POP 16
MUL_AB
MOV 4 16
PUSH 4
PUSH 0
MOV 17 1
POP 16
ADD_AB
MOV 17 16
POP 16
ADD_AB
MOV 4 16
PUSH 1
PUSH 0
MOVD 6 112
CALL __fn_func
POP 0
POP 1
JZ 16 __TERNARY_ELSE_131_7
PUSH 1
PUSH 0
MOVD 6 113
CALL __fn_func
POP 0
POP 1
JMP __TERNARY_END_131_7
label __TERNARY_ELSE_131_7
PUSH 1
PUSH 0
MOVD 6 114
CALL __fn_func
POP 0
POP 1
label __TERNARY_END_131_7
MOV 4 16
PUSH 4
MOVD 17 10
POP 16
SUB_AB
CLR 16
JNC __CMP_132_8
INC 16
label __CMP_132_8
MOV 4 16
PUSH 1
PUSH 0
PUSH 4
MOVD 17 70
POP 16
MUL_AB
MOV 0 16
CALL __fn_func3
POP 0
POP 1
PUSH 16
MOVD 17 80
POP 16
ADD_AB
MOV 5 16
106 4 5 
PUSH 1
PUSH 0
CALL __fn_func4
POP 0
POP 1
PUSH 4
MOV 17 5
POP 16
OR_AB
EXIT
label __fn_func
PUSH 6
MOVD 17 3
POP 16
MUL_AB
RET
label __fn_func2
MOV 16 0
RET
label __fn_func3
110 0 0 
PUSH 0
CALL __fn_func2
POP 0
RET
label __fn_func4
RET
label __fn_MOV8
MOV 4 0
MOVD 11 114514
RET
